0 91 13 91
0 56 8 70
0 28 4 42
7 34 7 35
43 54 43 55
43 82 43 83
31 28 31 29
0 15 5 15
0 20 9 20
0 56 8 70
61 28 61 29
0 51 5 51
55 77 55 78
0 84 14 96
0 78 11 78
98 72 98 73
0 15 5 15
0 72 15 72
3 32 3 33
5 20 5 21
0 54 12 63
0 120 16 135
107 82 107 83
34 16 34 17
13 26 13 27
0 104 16 117
0 36 4 54
0 98 14 112
0 25 10 30
0 72 11 72
0 119 13 119
0 130 19 130
0 45 9 45
0 15 5 15
3 32 3 33
59 44 59 45
0 42 5 42
0 36 17 36
59 28 59 29
0 90 19 90
0 75 10 90
0 75 10 90
0 108 12 126
88 64 88 65
0 162 18 180
5 32 5 33
0 84 14 96
17 7 17 8
0 108 18 120
0 55 10 66
34 16 34 17
31 64 31 65
0 36 5 36
0 112 13 112
0 48 8 60
55 77 55 78
0 14 3 14
107 82 107 83
0 76 7 76
31 88 31 89
35 16 35 17
47 40 47 41
12 12 12 13
47 15 47 16
0 102 11 102
0 39 5 39
0 144 16 162
12 12 12 13
0 20 4 30
14 6 14 7
21 48 21 49
0 45 5 45
0 9 6 12
97 52 97 53
0 20 10 24
0 56 7 56
0 40 10 48
81 68 81 69
0 170 19 170
0 18 5 18
89 40 89 41
0 126 13 126
24 38 24 39
0 98 13 98
107 82 107 83
0 162 18 180
57 54 57 55
0 108 11 108
0 42 14 48
0 32 8 40
0 56 13 56
41 72 41 73
0 117 18 130
0 52 8 65
13 58 13 59
0 6 3 6
0 112 14 128
21 48 21 49
0 75 9 75
0 144 16 162
55 40 55 41
0 135 18 150
0 28 14 32
0 40 8 50
53 22 53 23
0 95 9 95
0 60 11 60
0 63 17 63
0 24 7 24
0 153 18 170
0 72 7 72
0 72 12 84
0 32 16 36
0 54 18 60
63 38 63 39
19 40 19 41
0 10 4 15
13 18 13 19
55 49 55 50
0 9 5 9
0 12 8 15
0 36 12 42
0 70 9 70
0 48 6 64
11 9 11 10
0 15 5 15
0 20 10 24
0 32 8 40
31 2 31 3
79 30 79 31
0 48 6 64
0 135 18 150
13 26 13 27
41 28 41 29
47 30 47 31
0 33 5 33
43 10 43 11
0 114 12 133
0 78 12 91
7 52 7 53
0 144 15 144
3 24 3 25
0 72 7 72
0 160 19 160
0 36 18 40
59 28 59 29
0 153 17 153
0 28 8 35
0 36 12 42
0 162 18 180
0 30 19 30
38 18 38 19
31 4 31 5
0 20 3 20
0 85 9 85
0 36 7 36
0 80 19 80
55 63 55 64
0 56 16 63
0 50 10 60
0 75 9 75
0 16 7 16
0 104 16 117
0 117 17 117
0 36 5 36
0 15 5 15
0 55 9 55
78 54 78 55
0 56 15 56
0 108 18 120
0 54 17 54
0 40 19 40
0 20 10 24
98 72 98 73
41 18 41 19
0 36 5 36
0 15 5 15
53 18 53 19
0 144 16 162
0 14 4 21
41 48 41 49
41 18 41 19
0 36 17 36
23 2 23 3
85 54 85 55
0 72 18 80
0 16 3 16
0 72 11 72
0 54 6 72
0 32 16 36
0 60 10 72
0 33 6 44
7 2 7 3
0 48 8 60
62 42 62 43
0 80 16 90
71 64 71 65
53 22 53 23
0 50 10 60
0 45 5 45
0 91 13 91
31 64 31 65
19 40 19 41
0 112 16 126
78 54 78 55
0 32 16 36
0 48 5 48
29 14 29 15
0 39 5 39
11 4 11 5
0 12 8 15
0 44 8 55
17 10 17 11
17 7 17 8
73 106 73 107
0 48 16 54
0 72 7 72
0 40 19 40
0 96 12 112
0 78 11 78
28 16 28 17
13 66 13 67
61 18 61 19
91 108 91 109
13 58 13 59
0 56 15 56
29 55 29 56
0 64 16 72
35 4 35 5
0 34 3 34
0 54 18 60
0 50 19 50
0 98 13 98
0 51 5 51
0 24 8 30
0 32 15 32
0 112 16 126
67 62 67 63
0 52 8 65
59 28 59 29
0 42 6 56
0 18 12 21
0 126 14 144
0 60 12 70
91 108 91 109
89 81 89 82
3 32 3 33
0 27 6 36
0 28 8 35
59 21 59 22
0 50 9 50
0 60 7 60
0 84 12 98
0 95 9 95
5 8 5 9
11 15 11 16
0 84 14 96
11 45 11 46
0 48 6 64
19 24 19 25
0 77 14 88
0 100 19 100
0 32 15 32
0 114 12 133
5 20 5 21
19 56 19 57
21 28 21 29
16 28 16 29
0 112 13 112
0 40 8 50
79 56 79 57
0 84 14 96
0 28 7 28
0 45 10 54
21 78 21 79
0 76 8 95
54 30 54 31
0 14 3 14
0 64 15 64
0 96 12 112
71 28 71 29
95 74 95 75
61 18 61 19
0 36 12 42
29 10 29 11
0 128 15 128
0 48 8 60
0 34 3 34
0 68 7 68
0 150 19 150
0 128 15 128
0 96 16 108
0 84 14 96
0 60 10 72
21 58 21 59
41 18 41 19
0 21 13 21
0 136 16 153
21 18 21 19
0 49 14 56
3 16 3 17
0 18 6 24
7 52 7 53
0 22 4 33
31 88 31 89
0 27 6 36
63 38 63 39
0 34 4 51
0 68 8 85
0 18 6 24
23 12 23 13
0 162 17 162
67 40 67 41
0 120 16 135
55 49 55 50
36 44 36 45
0 28 4 42
0 44 8 55
0 112 15 112
0 60 12 70
0 45 6 60
0 70 19 70
5 20 5 21
0 48 8 60
7 2 7 3
23 2 23 3
73 88 73 89
0 35 10 42
22 26 22 27
69 50 69 51
9 5 9 6
0 70 13 70
0 120 16 135
0 60 12 70
35 16 35 17
0 21 5 21
0 90 19 90
0 64 15 64
0 50 19 50
73 88 73 89
29 65 29 66
27 17 27 18
0 68 8 85
0 70 10 84
0 36 11 36
19 56 19 57
0 72 12 84
0 128 16 144
29 35 29 36
0 45 10 54
0 50 19 50
0 80 16 90
0 35 14 40
0 60 12 70
69 50 69 51
31 10 31 11
0 70 14 80
0 98 14 112
0 44 8 55
0 70 9 70
3 8 3 9
51 58 51 59
0 28 4 42
0 32 8 40
0 40 16 45
0 76 7 76
31 2 31 3
0 72 18 80
23 4 23 5
0 104 15 104
0 80 10 96
0 136 15 136
0 56 8 70
34 16 34 17
19 48 19 49
21 38 21 39
0 85 10 102
37 52 37 53
0 45 6 60
36 44 36 45
46 28 46 29
30 14 30 15
69 29 69 30
0 32 8 40
0 36 3 36
19 40 19 41
0 54 17 54
3 8 3 9
11 33 11 34
91 88 91 89
0 60 10 72
81 68 81 69
0 32 4 48
0 98 13 98
0 42 12 49
3 16 3 17
0 42 6 56
0 48 5 48
0 10 4 15
0 24 4 36
0 21 14 24
0 8 4 12
0 135 18 150
0 16 8 20
14 20 14 21
0 36 6 48
98 72 98 73
34 16 34 17
0 128 16 144
0 40 10 48
29 10 29 11
7 40 7 41
23 11 23 12
0 66 11 66
0 135 17 135
34 28 34 29
0 27 17 27
69 50 69 51
0 42 6 56
0 90 10 108
89 62 89 63
95 74 95 75
0 8 3 8
0 72 12 84
0 45 6 60
31 2 31 3
0 30 9 30
73 70 73 71
0 30 3 30
0 28 14 32
27 17 27 18
0 35 10 42
0 36 12 42
13 58 13 59
76 58 76 59
0 51 6 68
0 80 19 80
62 42 62 43
0 54 6 72
0 24 6 32
0 56 8 70
0 8 3 8
0 8 4 12
0 36 12 42
43 96 43 97
0 108 12 126
43 10 43 11
11 9 11 10
0 117 18 130
69 50 69 51
21 18 21 19
0 14 4 21
0 24 3 24
0 32 4 48
11 4 11 5
35 36 35 37
0 126 13 126
0 144 18 160
37 52 37 53
45 18 45 19
0 40 8 50
0 16 8 20
0 63 17 63
0 36 12 42
0 117 17 117
0 95 9 95
73 88 73 89
50 48 50 49
0 48 12 56
0 24 6 32
55 49 55 50
0 140 19 140
53 37 53 38
0 27 6 36
0 160 19 160
43 10 43 11
0 126 13 126
41 72 41 73
0 120 15 120
0 18 4 27
0 28 13 28
0 24 3 24
37 12 37 13
7 16 7 17
0 10 3 10
38 18 38 19
31 76 31 77
29 45 29 46
0 90 10 108
69 29 69 30
0 30 10 36
0 54 12 63
67 40 67 41
69 50 69 51
0 28 4 42
69 29 69 30
70 48 70 49
0 12 4 18
0 24 4 36
0 84 14 96
3 24 3 25
35 13 35 14
19 56 19 57
0 36 12 42
0 56 15 56
0 32 15 32
0 56 14 64
0 52 7 52
89 40 89 41
0 15 9 15
59 28 59 29
53 16 53 17
0 133 14 152
0 45 18 50
0 49 14 56
35 18 35 19
0 36 18 40
19 4 19 5
0 18 5 18
0 75 10 90
0 120 16 135
23 4 23 5
0 32 8 40
0 126 17 126
89 81 89 82
0 126 14 144
16 28 16 29
0 38 3 38
0 18 4 27
35 13 35 14
13 66 13 67
0 18 3 18
0 6 4 9
7 40 7 41
0 28 3 28
0 15 6 20
30 14 30 15
73 88 73 89
0 24 16 27
0 80 9 80
0 36 17 36
0 24 6 32
0 136 16 153
0 28 13 28
0 20 8 25
7 40 7 41
0 15 5 15
13 10 13 11
0 117 17 117
0 80 15 80
0 91 14 104
0 64 16 72
69 50 69 51
0 6 3 6
47 20 47 21
0 27 6 36
24 38 24 39
0 72 12 84
0 96 16 108
0 52 7 52
0 190 19 190
0 45 17 45
89 40 89 41
0 14 4 21
55 49 55 50
0 16 4 24
71 64 71 65
0 20 4 30
0 84 14 96
0 63 18 70
19 24 19 25
0 24 6 32
0 70 9 70
0 135 18 150
34 16 34 17
0 24 16 27
0 64 8 80
23 4 23 5
0 36 18 40
0 40 8 50
0 45 5 45
0 48 6 64
0 40 8 50
37 10 37 11
0 30 10 36
0 108 12 126
0 60 12 70
76 58 76 59
35 36 35 37
0 108 18 120
0 90 17 90
0 60 12 70
0 24 3 24
29 10 29 11
0 54 18 60
0 49 13 49
0 70 13 70
0 54 12 63
0 119 14 136
0 6 3 6
0 144 15 144
13 16 13 17
0 9 5 9
13 50 13 51
13 10 13 11
0 8 3 8
0 96 11 96
0 24 7 24
53 22 53 23
0 27 17 27
0 88 16 99
59 44 59 45
0 50 9 50
3 12 3 13
0 126 14 144
0 18 3 18
0 54 5 54
0 20 8 25
0 70 14 80
10 4 10 5
0 80 16 90
31 4 31 5
0 117 17 117
73 106 73 107
0 28 4 42
43 19 43 20
37 12 37 13
0 24 3 24
0 44 7 44
0 16 4 24
43 19 43 20
107 82 107 83
0 102 12 119
0 24 12 28
0 12 7 12
0 24 5 24
21 58 21 59
21 48 21 49
0 140 19 140
11 9 11 10
5 4 5 5
0 33 5 33
21 18 21 19
23 2 23 3
0 108 12 126
21 48 21 49
0 36 6 48
0 66 11 66
17 10 17 11
0 16 8 20
17 32 17 33
13 34 13 35
0 80 16 90
0 55 10 66
0 35 13 35
73 88 73 89
35 18 35 19
0 20 7 20
0 66 12 77
0 72 12 84
59 21 59 22
55 63 55 64
0 60 11 60
7 28 7 29
15 4 15 5
22 26 22 27
0 24 16 27
19 24 19 25
0 54 12 63
21 28 21 29
79 40 79 41
0 91 14 104
107 82 107 83
0 72 18 80
0 60 19 60
0 28 4 42
43 54 43 55
0 32 7 32
29 10 29 11
0 28 13 28
0 57 5 57
0 136 15 136
78 54 78 55
0 42 14 48
43 68 43 69
0 48 16 54
0 114 11 114
7 22 7 23
0 45 5 45
0 160 19 160
41 18 41 19
0 48 16 54
62 42 62 43
0 72 15 72
0 40 8 50
0 66 11 66
0 112 15 112
0 48 15 48
17 32 17 33
31 4 31 5
0 28 7 28
98 72 98 73
63 38 63 39
0 42 11 42
0 133 14 152
41 28 41 29
0 6 4 9
21 48 21 49
0 102 11 102
0 100 19 100
21 48 21 49
0 114 11 114
35 13 35 14
85 54 85 55
3 16 3 17
19 56 19 57
0 30 4 45
0 51 6 68
0 32 3 32
0 18 4 27
11 39 11 40
0 108 11 108
0 8 4 12
0 153 18 170
0 12 6 16
37 52 37 53
0 12 6 16
15 24 15 25
44 32 44 33
0 49 13 49
0 136 16 153
69 50 69 51
0 70 14 80
0 6 3 6
0 18 11 18
0 60 7 60
0 14 4 21
0 55 9 55
0 18 6 24
20 14 20 15
0 84 14 96
64 52 64 53
29 12 29 13
0 54 18 60
17 32 17 33
0 56 14 64
0 99 17 99
36 44 36 45
71 80 71 81
0 96 15 96
0 144 18 160
41 36 41 37
39 26 39 27
0 98 14 112
0 112 15 112
57 54 57 55
49 10 49 11
11 8 11 9
11 21 11 22
0 36 6 48
35 36 35 37
0 160 19 160
0 80 9 80
0 24 5 24
0 114 12 133
0 38 4 57
0 36 12 42
0 38 3 38
5 16 5 17
0 75 9 75
71 64 71 65
0 24 4 36
0 64 16 72
0 14 4 21
0 52 8 65
29 45 29 46
0 28 14 32
0 112 16 126
0 171 17 171
0 30 10 36
0 14 3 14
0 75 10 90
0 30 11 30
0 45 10 54
0 40 15 40
0 14 3 14
0 40 16 45
0 99 18 110
0 68 8 85
62 42 62 43
0 153 17 153
0 6 3 6
0 18 6 24
11 39 11 40
19 10 19 11
43 40 43 41
0 162 18 180
0 36 12 42
0 80 10 96
0 108 18 120
0 144 18 160
0 110 19 110
47 15 47 16
51 28 51 29
57 70 57 71
13 58 13 59
0 32 4 48
0 72 8 90
0 119 13 119
0 162 17 162
55 77 55 78
13 66 13 67
23 32 23 33
7 52 7 53
47 15 47 16
0 65 10 78
89 70 89 71
5 24 5 25
98 72 98 73
0 24 6 32
14 6 14 7
0 20 3 20
0 126 14 144
0 24 3 24
35 13 35 14
0 35 14 40
43 68 43 69
44 32 44 33
11 39 11 40
69 50 69 51
59 28 59 29
0 126 13 126
24 38 24 39
0 108 17 108
33 11 33 12
0 60 7 60
0 34 3 34
0 150 19 150
17 32 17 33
11 39 11 40
0 90 12 105
0 114 12 133
0 32 8 40
0 81 17 81
0 81 17 81
0 60 9 60
34 16 34 17
21 38 21 39
0 117 18 130
79 56 79 57
0 76 8 95
0 180 19 180
0 81 17 81
13 58 13 59
0 56 8 70
88 64 88 65
0 14 4 21
31 2 31 3
0 108 17 108
0 84 13 84
0 35 9 35
0 35 10 42
0 56 14 64
0 51 6 68
0 35 14 40
61 18 61 19
0 24 5 24
79 40 79 41
0 96 16 108
0 14 4 21
5 8 5 9
3 20 3 21
0 54 17 54
0 30 12 35
0 72 11 72
0 42 5 42
0 49 14 56
7 4 7 5
0 84 14 96
11 8 11 9
0 110 19 110
73 106 73 107
11 27 11 28
0 65 10 78
0 65 10 78
0 60 11 60
3 12 3 13
78 54 78 55
0 28 14 32
18 8 18 9
22 26 22 27
0 30 5 30
0 26 4 39
38 18 38 19
0 48 15 48
0 24 11 24
98 72 98 73
0 105 13 105
0 20 4 30
34 16 34 17
91 108 91 109
0 15 10 18
14 20 14 21
0 100 19 100
0 45 9 45
0 48 6 64
0 50 9 50
0 32 15 32
0 102 11 102
3 8 3 9
59 28 59 29
0 64 15 64
41 14 41 15
0 24 5 24
3 24 3 25
35 36 35 37
0 108 12 126
0 56 8 70
21 48 21 49
0 26 3 26
0 42 11 42
0 136 15 136
0 20 4 30
0 51 6 68
0 90 9 90
19 16 19 17
0 100 19 100
0 190 19 190
107 82 107 83
0 90 10 108
19 16 19 17
0 16 3 16
0 32 3 32
0 24 5 24
0 27 17 27
53 18 53 19
0 28 4 42
0 33 6 44
0 56 13 56
13 16 13 17
0 50 9 50
0 114 12 133
0 45 17 45
0 54 6 72
31 52 31 53
0 32 8 40
0 40 15 40
35 2 35 3
10 4 10 5
0 35 9 35
31 28 31 29
0 25 9 25
71 80 71 81
53 22 53 23
0 66 12 77
0 133 13 133
0 24 12 28
21 58 21 59
29 55 29 56
0 39 6 52
0 60 8 75
0 102 12 119
65 38 65 39
0 24 12 28
0 42 6 56
0 70 9 70
61 28 61 29
0 36 18 40
0 21 6 28
0 96 16 108
0 136 16 153
0 64 8 80
0 12 6 16
0 72 12 84
13 42 13 43
0 22 3 22
13 18 13 19
0 75 9 75
29 55 29 56
0 56 13 56
97 52 97 53
0 39 6 52
0 84 12 98
0 81 18 90
0 96 16 108
0 85 9 85
0 34 3 34
0 32 15 32
0 20 4 30
53 18 53 19
3 32 3 33
0 70 9 70
0 70 14 80
0 21 13 21
0 80 16 90
0 120 15 120
0 21 13 21
3 28 3 29
0 72 16 81
0 170 19 170
