0 16 3 16
67 62 67 63
0 60 19 60
0 48 16 54
19 2 19 3
0 16 4 24
7 22 7 23
0 38 3 38
0 36 8 45
24 38 24 39
0 32 16 36
0 14 4 21
0 80 16 90
0 18 5 18
54 36 54 37
11 2 11 3
22 26 22 27
0 153 17 153
11 39 11 40
0 21 5 21
7 2 7 3
0 48 16 54
17 10 17 11
0 72 17 72
0 24 4 36
0 20 4 30
11 15 11 16
0 54 6 72
17 10 17 11
0 15 5 15
0 114 11 114
0 8 3 8
17 10 17 11
0 24 4 36
34 16 34 17
3 4 3 5
0 70 14 80
87 65 87 66
0 68 7 68
0 56 13 56
36 44 36 45
0 112 16 126
0 10 3 10
31 28 31 29
0 24 4 36
0 68 7 68
0 95 9 95
0 18 6 24
0 130 19 130
0 38 4 57
0 40 8 50
47 20 47 21
19 24 19 25
34 28 34 29
0 12 6 16
13 50 13 51
69 29 69 30
0 90 11 90
0 32 3 32
73 106 73 107
17 10 17 11
0 56 8 70
95 74 95 75
0 64 15 64
0 27 18 30
0 90 18 100
79 40 79 41
0 50 19 50
11 45 11 46
0 50 9 50
0 21 13 21
81 68 81 69
0 32 4 48
0 35 14 40
0 100 19 100
3 12 3 13
35 4 35 5
0 15 10 18
0 21 6 28
34 20 34 21
0 24 12 28
7 4 7 5
0 152 15 152
0 60 7 60
89 81 89 82
0 84 14 96
0 16 4 24
31 10 31 11
0 112 16 126
0 70 9 70
0 99 18 110
0 45 10 54
57 102 57 103
0 24 5 24
13 6 13 7
0 120 16 135
0 42 12 49
0 45 10 54
69 50 69 51
3 28 3 29
0 35 13 35
0 66 11 66
3 16 3 17
0 33 5 33
0 110 19 110
0 60 12 70
5 12 5 13
0 96 11 96
0 30 6 40
44 32 44 33
0 80 16 90
0 117 17 117
31 40 31 41
13 16 13 17
0 144 17 144
0 112 16 126
0 21 14 24
0 140 19 140
88 64 88 65
0 20 4 30
3 16 3 17
0 98 14 112
0 152 15 152
0 56 13 56
0 30 4 45
0 117 17 117
13 16 13 17
0 30 4 45
31 28 31 29
0 18 5 18
0 84 11 84
45 18 45 19
59 21 59 22
79 56 79 57
79 30 79 31
0 30 12 35
0 144 18 160
0 100 19 100
31 88 31 89
0 144 16 162
53 18 53 19
0 76 8 95
0 12 4 18
29 65 29 66
0 12 8 15
0 30 6 40
0 144 17 144
73 40 73 41
0 91 13 91
0 49 14 56
0 108 11 108
0 45 9 45
65 38 65 39
0 36 12 42
0 28 13 28
67 22 67 23
29 25 29 26
0 27 5 27
0 27 18 30
0 80 16 90
0 98 14 112
0 114 12 133
0 60 9 60
0 20 7 20
0 128 15 128
11 39 11 40
19 32 19 33
0 70 14 80
0 56 14 64
0 126 18 140
0 144 18 160
0 10 3 10
0 100 19 100
21 38 21 39
0 81 17 81
0 112 15 112
0 45 17 45
61 18 61 19
0 130 19 130
0 76 7 76
23 11 23 12
73 40 73 41
17 10 17 11
29 18 29 19
0 96 15 96
0 98 13 98
0 171 18 190
0 119 14 136
0 12 3 12
0 63 13 63
0 72 18 80
0 63 18 70
11 21 11 22
13 18 13 19
89 40 89 41
35 2 35 3
5 20 5 21
0 32 8 40
0 72 17 72
0 91 14 104
3 8 3 9
51 28 51 29
0 26 3 26
0 81 17 81
0 30 9 30
71 80 71 81
0 20 10 24
0 76 8 95
79 40 79 41
0 10 3 10
0 90 9 90
0 32 16 36
0 66 11 66
0 16 4 24
0 42 13 42
0 80 15 80
29 35 29 36
107 82 107 83
37 10 37 11
0 35 9 35
0 48 7 48
0 34 4 51
0 100 19 100
55 49 55 50
0 72 12 84
0 10 3 10
7 2 7 3
0 105 14 120
0 28 14 32
71 64 71 65
0 96 15 96
0 24 6 32
0 24 12 28
51 58 51 59
25 9 25 10
41 72 41 73
0 14 3 14
78 54 78 55
51 28 51 29
0 45 9 45
44 32 44 33
0 45 9 45
11 15 11 16
0 85 10 102
7 52 7 53
0 144 18 160
7 4 7 5
36 44 36 45
47 30 47 31
10 4 10 5
0 84 14 96
0 75 9 75
36 44 36 45
0 72 7 72
0 48 6 64
0 136 16 153
0 26 4 39
0 20 4 30
0 28 4 42
0 40 19 40
21 18 21 19
25 44 25 45
0 63 18 70
37 10 37 11
38 18 38 19
25 10 25 11
0 78 11 78
3 12 3 13
0 102 12 119
0 80 15 80
21 8 21 9
25 9 25 10
0 48 12 56
0 39 5 39
43 54 43 55
0 70 13 70
89 62 89 63
0 96 11 96
0 32 16 36
0 40 7 40
0 108 17 108
31 52 31 53
0 75 10 90
0 12 4 18
0 128 16 144
0 78 12 91
10 4 10 5
61 28 61 29
0 8 4 12
0 84 11 84
0 12 5 12
0 72 8 90
29 65 29 66
5 8 5 9
0 36 12 42
0 45 17 45
0 153 17 153
0 20 10 24
29 35 29 36
71 54 71 55
0 21 13 21
0 34 3 34
0 112 14 128
0 128 16 144
0 119 14 136
0 72 15 72
0 32 8 40
0 24 8 30
0 171 18 190
29 14 29 15
0 126 14 144
0 30 12 35
17 10 17 11
25 44 25 45
29 35 29 36
0 117 18 130
0 30 4 45
47 20 47 21
0 120 16 135
0 36 4 54
0 160 19 160
0 42 5 42
0 27 18 30
0 48 12 56
0 24 7 24
50 48 50 49
0 84 13 84
27 2 27 3
0 49 13 49
0 48 11 48
0 60 7 60
0 96 12 112
5 16 5 17
49 27 49 28
17 10 17 11
0 48 11 48
21 58 21 59
0 30 10 36
25 10 25 11
0 25 10 30
0 80 10 96
0 32 8 40
0 120 15 120
0 26 4 39
43 54 43 55
0 126 14 144
0 45 6 60
0 30 6 40
89 70 89 71
0 130 19 130
19 16 19 17
0 35 10 42
0 63 17 63
0 90 17 90
0 119 14 136
19 24 19 25
0 171 17 171
55 49 55 50
0 64 16 72
0 108 11 108
0 48 7 48
0 144 16 162
89 81 89 82
23 12 23 13
0 80 10 96
70 48 70 49
0 40 8 50
3 24 3 25
0 108 18 120
0 68 8 85
0 117 18 130
0 84 12 98
19 4 19 5
13 34 13 35
34 16 34 17
0 88 15 88
0 36 17 36
78 54 78 55
0 24 16 27
0 21 14 24
19 4 19 5
0 18 11 18
60 34 60 35
0 50 19 50
7 16 7 17
0 24 8 30
0 36 8 45
31 52 31 53
0 180 19 180
0 15 10 18
76 58 76 59
31 22 31 23
0 136 16 153
0 170 19 170
0 20 4 30
0 30 10 36
0 30 10 36
0 96 16 108
0 30 19 30
0 35 14 40
0 108 18 120
0 96 15 96
0 16 8 20
0 9 6 12
13 34 13 35
0 90 11 90
0 30 3 30
0 32 8 40
0 12 8 15
31 28 31 29
57 54 57 55
89 70 89 71
0 30 12 35
41 72 41 73
0 110 19 110
41 36 41 37
71 54 71 55
0 20 9 20
0 98 13 98
3 4 3 5
29 55 29 56
27 17 27 18
0 112 13 112
11 9 11 10
0 78 12 91
65 38 65 39
0 96 12 112
0 180 19 180
0 54 11 54
21 20 21 21
23 12 23 13
0 104 16 117
0 30 6 40
0 120 15 120
70 48 70 49
43 68 43 69
57 102 57 103
71 28 71 29
0 24 4 36
0 99 17 99
0 27 17 27
0 75 9 75
0 36 5 36
0 21 6 28
0 85 10 102
22 26 22 27
31 52 31 53
0 95 10 114
0 72 8 90
0 34 3 34
0 126 14 144
88 64 88 65
0 18 3 18
0 96 12 112
0 56 16 63
59 44 59 45
3 20 3 21
0 162 18 180
0 105 13 105
0 48 8 60
73 70 73 71
0 35 14 40
0 21 5 21
0 54 18 60
57 102 57 103
0 117 17 117
7 46 7 47
0 54 17 54
0 30 10 36
0 32 15 32
0 35 13 35
57 102 57 103
0 40 19 40
0 12 6 16
0 91 13 91
0 95 9 95
3 28 3 29
0 144 18 160
43 10 43 11
0 150 19 150
0 21 14 24
0 128 16 144
0 144 15 144
0 39 5 39
0 28 3 28
44 32 44 33
69 50 69 51
0 100 19 100
0 104 15 104
57 70 57 71
29 12 29 13
0 104 16 117
0 126 17 126
0 40 10 48
29 45 29 46
0 36 12 42
0 108 12 126
0 12 3 12
0 104 16 117
0 55 10 66
62 42 62 43
0 84 11 84
0 40 7 40
11 39 11 40
55 34 55 35
31 10 31 11
0 56 8 70
43 10 43 11
19 16 19 17
0 102 12 119
0 22 3 22
65 38 65 39
0 57 5 57
0 108 11 108
29 25 29 26
0 55 9 55
39 26 39 27
0 48 12 56
0 30 11 30
0 128 15 128
0 12 6 16
0 108 11 108
0 21 5 21
0 20 3 20
0 76 8 95
0 72 7 72
0 63 14 72
19 2 19 3
0 56 13 56
0 56 13 56
0 25 10 30
19 16 19 17
0 48 11 48
15 24 15 25
76 58 76 59
55 63 55 64
0 36 11 36
0 28 14 32
0 22 3 22
0 54 11 54
26 12 26 13
89 62 89 63
0 112 16 126
0 90 11 90
0 40 15 40
0 102 11 102
0 78 12 91
0 48 8 60
67 62 67 63
0 105 13 105
17 32 17 33
0 32 4 48
0 102 11 102
0 144 17 144
0 84 14 96
13 6 13 7
0 105 13 105
0 48 16 54
0 42 12 49
45 18 45 19
19 40 19 41
0 27 5 27
0 60 10 72
29 10 29 11
3 16 3 17
0 25 9 25
29 25 29 26
91 108 91 109
0 96 16 108
0 96 11 96
22 10 22 11
0 64 15 64
0 36 18 40
0 80 16 90
57 102 57 103
0 28 4 42
0 65 10 78
0 162 18 180
0 48 5 48
21 28 21 29
0 78 11 78
0 78 12 91
11 39 11 40
0 40 10 48
0 70 13 70
0 54 5 54
0 98 13 98
0 6 4 9
0 21 6 28
0 98 13 98
0 48 8 60
0 80 10 96
29 45 29 46
13 10 13 11
0 76 7 76
0 12 3 12
21 38 21 39
0 16 7 16
39 26 39 27
0 126 14 144
0 15 5 15
15 2 15 3
18 8 18 9
11 4 11 5
35 16 35 17
0 24 4 36
0 54 6 72
0 35 13 35
0 60 12 70
0 24 15 24
0 22 4 33
0 85 9 85
0 32 16 36
0 153 17 153
0 48 11 48
3 36 3 37
51 58 51 59
9 5 9 6
0 56 14 64
0 60 12 70
95 74 95 75
21 20 21 21
5 16 5 17
29 55 29 56
0 24 6 32
0 160 19 160
0 21 6 28
0 108 17 108
0 152 15 152
70 48 70 49
13 66 13 67
0 60 9 60
0 102 12 119
0 20 10 24
0 126 17 126
47 30 47 31
0 12 4 18
0 14 4 21
57 102 57 103
0 28 3 28
89 40 89 41
65 38 65 39
0 24 5 24
0 75 10 90
0 30 5 30
0 28 14 32
0 48 16 54
3 32 3 33
0 130 19 130
0 144 17 144
0 45 18 50
17 10 17 11
0 80 9 80
0 32 3 32
0 24 8 30
13 26 13 27
13 16 13 17
0 16 8 20
0 16 7 16
76 58 76 59
0 72 17 72
0 15 5 15
0 8 3 8
0 24 4 36
0 104 15 104
0 32 15 32
0 50 10 60
0 140 19 140
0 56 14 64
0 76 8 95
0 30 4 45
5 4 5 5
17 10 17 11
0 128 16 144
0 98 14 112
3 12 3 13
23 4 23 5
91 108 91 109
21 20 21 21
0 30 10 36
54 30 54 31
0 84 14 96
55 49 55 50
29 18 29 19
67 40 67 41
39 26 39 27
0 100 19 100
0 150 19 150
0 44 8 55
0 30 6 40
35 13 35 14
13 42 13 43
37 12 37 13
0 24 7 24
0 21 14 24
65 38 65 39
43 68 43 69
79 30 79 31
0 48 11 48
0 48 5 48
0 27 17 27
0 24 3 24
0 24 3 24
0 98 13 98
13 6 13 7
89 70 89 71
0 57 6 76
0 63 13 63
3 8 3 9
0 40 7 40
55 34 55 35
0 21 5 21
0 96 12 112
59 44 59 45
0 60 12 70
0 39 5 39
0 126 17 126
107 82 107 83
0 51 6 68
63 38 63 39
0 190 19 190
0 42 14 48
25 10 25 11
91 88 91 89
0 140 19 140
57 70 57 71
23 12 23 13
0 96 16 108
0 12 3 12
47 15 47 16
0 40 8 50
0 96 15 96
0 171 17 171
0 54 5 54
10 4 10 5
7 2 7 3
81 68 81 69
0 8 3 8
19 10 19 11
0 54 12 63
0 16 7 16
0 16 3 16
91 88 91 89
39 26 39 27
13 16 13 17
0 60 12 70
29 55 29 56
41 48 41 49
0 12 6 16
23 12 23 13
19 4 19 5
0 96 11 96
0 99 17 99
0 80 15 80
73 106 73 107
0 12 6 16
0 12 7 12
0 117 18 130
11 27 11 28
0 30 4 45
30 14 30 15
0 90 12 105
0 72 18 80
19 16 19 17
71 80 71 81
0 24 3 24
0 60 9 60
30 14 30 15
24 38 24 39
0 112 14 128
0 28 14 32
0 16 8 20
0 30 4 45
22 26 22 27
0 68 8 85
0 18 6 24
0 28 14 32
0 77 13 77
0 32 4 48
0 70 19 70
79 40 79 41
0 39 6 52
0 22 3 22
0 9 5 9
0 80 10 96
0 80 16 90
21 38 21 39
0 65 9 65
53 16 53 17
19 2 19 3
0 45 9 45
7 2 7 3
0 84 13 84
0 24 6 32
14 20 14 21
0 90 17 90
0 66 12 77
30 14 30 15
29 25 29 26
43 10 43 11
0 6 3 6
0 108 18 120
0 52 8 65
23 2 23 3
0 81 17 81
0 12 6 16
0 54 5 54
0 42 6 56
0 16 8 20
0 144 17 144
31 40 31 41
0 66 11 66
3 28 3 29
0 24 6 32
0 60 10 72
11 33 11 34
0 57 5 57
35 2 35 3
57 102 57 103
41 18 41 19
0 32 16 36
0 48 15 48
0 45 18 50
0 120 19 120
0 9 5 9
0 126 18 140
0 110 19 110
0 63 14 72
49 10 49 11
5 12 5 13
0 76 8 95
0 16 4 24
0 112 16 126
0 126 18 140
0 70 9 70
0 60 11 60
0 35 10 42
31 52 31 53
0 90 10 108
0 85 10 102
0 32 16 36
73 70 73 71
73 88 73 89
0 12 4 18
89 81 89 82
38 18 38 19
0 60 10 72
0 112 14 128
0 28 14 32
0 45 9 45
0 90 9 90
49 27 49 28
0 126 18 140
5 32 5 33
31 22 31 23
0 96 12 112
0 15 5 15
0 10 4 15
5 8 5 9
0 40 7 40
0 39 6 52
0 27 17 27
0 81 17 81
0 70 19 70
0 76 7 76
0 28 13 28
0 126 14 144
0 36 18 40
0 120 19 120
37 12 37 13
0 16 7 16
35 18 35 19
21 8 21 9
0 18 11 18
11 2 11 3
3 8 3 9
0 12 4 18
55 63 55 64
0 55 10 66
11 9 11 10
0 55 9 55
0 70 9 70
0 96 16 108
0 22 3 22
0 20 10 24
0 40 16 45
31 22 31 23
3 12 3 13
55 34 55 35
0 78 11 78
55 40 55 41
23 12 23 13
0 50 10 60
27 2 27 3
0 30 4 45
0 12 6 16
0 12 4 18
0 12 6 16
0 6 3 6
0 48 8 60
0 52 8 65
0 24 8 30
0 56 14 64
3 20 3 21
47 30 47 31
0 110 19 110
7 10 7 11
0 24 15 24
33 11 33 12
34 28 34 29
57 86 57 87
0 102 12 119
0 50 10 60
7 34 7 35
11 27 11 28
0 40 15 40
0 105 13 105
55 77 55 78
0 135 17 135
0 8 3 8
0 24 3 24
11 45 11 46
0 63 17 63
0 15 5 15
0 24 16 27
55 49 55 50
0 65 9 65
34 20 34 21
0 20 4 30
0 9 6 12
43 54 43 55
19 48 19 49
0 48 11 48
0 84 12 98
0 30 5 30
41 60 41 61
0 96 16 108
0 48 6 64
5 28 5 29
0 90 18 100
71 64 71 65
0 136 16 153
71 54 71 55
29 55 29 56
0 63 14 72
33 11 33 12
0 21 5 21
0 80 16 90
0 162 18 180
0 99 18 110
0 33 6 44
0 8 3 8
37 12 37 13
11 33 11 34
0 95 10 114
34 20 34 21
21 18 21 19
41 72 41 73
0 26 4 39
0 45 6 60
11 4 11 5
55 77 55 78
0 14 4 21
0 66 11 66
69 50 69 51
7 22 7 23
31 10 31 11
0 68 7 68
0 24 11 24
3 32 3 33
5 8 5 9
31 88 31 89
3 32 3 33
0 52 7 52
0 50 10 60
0 12 8 15
0 6 4 9
0 21 6 28
0 64 7 64
0 6 3 6
0 30 5 30
89 81 89 82
103 66 103 67
0 76 7 76
0 84 13 84
0 133 14 152
3 8 3 9
13 34 13 35
0 35 9 35
0 30 11 30
0 24 8 30
31 10 31 11
29 45 29 46
31 64 31 65
0 36 17 36
76 58 76 59
49 27 49 28
73 40 73 41
0 77 14 88
38 18 38 19
