0 16 8 20
0 36 18 40
34 16 34 17
21 48 21 49
0 30 10 36
51 28 51 29
5 8 5 9
0 84 14 96
11 8 11 9
69 50 69 51
43 19 43 20
0 60 11 60
0 72 12 84
0 60 10 72
0 128 15 128
0 42 11 42
0 136 16 153
0 33 5 33
0 22 4 33
13 66 13 67
0 18 5 18
25 44 25 45
0 35 10 42
0 60 12 70
0 36 5 36
0 70 14 80
0 119 13 119
21 58 21 59
0 36 4 54
57 86 57 87
0 90 19 90
0 48 16 54
47 15 47 16
91 108 91 109
89 40 89 41
43 96 43 97
78 54 78 55
19 40 19 41
0 66 12 77
63 38 63 39
107 82 107 83
43 19 43 20
0 51 5 51
0 36 12 42
0 25 9 25
31 76 31 77
0 36 12 42
0 20 4 30
16 28 16 29
0 24 4 36
39 26 39 27
51 28 51 29
41 72 41 73
35 36 35 37
57 86 57 87
25 10 25 11
0 70 10 84
0 60 19 60
43 82 43 83
19 48 19 49
0 36 4 54
23 2 23 3
0 20 9 20
53 16 53 17
0 57 6 76
41 60 41 61
0 150 19 150
3 16 3 17
15 24 15 25
64 52 64 53
0 108 12 126
0 180 19 180
29 10 29 11
0 72 17 72
0 36 12 42
41 28 41 29
91 88 91 89
41 72 41 73
23 12 23 13
0 42 6 56
35 4 35 5
0 90 18 100
7 28 7 29
7 52 7 53
54 30 54 31
0 15 9 15
0 48 12 56
0 30 10 36
0 48 16 54
47 15 47 16
19 56 19 57
0 18 5 18
0 9 6 12
0 144 17 144
0 24 11 24
0 16 4 24
0 6 3 6
0 9 5 9
0 6 3 6
0 56 8 70
89 70 89 71
0 9 6 12
49 27 49 28
0 108 17 108
11 21 11 22
0 144 18 160
0 56 16 63
0 28 13 28
0 153 18 170
41 18 41 19
34 28 34 29
21 48 21 49
89 62 89 63
0 126 18 140
0 70 14 80
3 4 3 5
0 48 6 64
0 84 12 98
0 48 16 54
0 28 14 32
27 2 27 3
41 36 41 37
40 24 40 25
67 40 67 41
0 136 16 153
0 24 16 27
0 70 14 80
41 60 41 61
24 38 24 39
0 153 18 170
0 45 18 50
91 108 91 109
0 65 9 65
0 90 18 100
0 63 17 63
0 49 14 56
0 50 9 50
35 36 35 37
29 14 29 15
49 10 49 11
21 48 21 49
79 56 79 57
0 117 17 117
0 171 18 190
11 9 11 10
5 32 5 33
0 140 19 140
0 88 16 99
0 112 14 128
43 54 43 55
9 5 9 6
0 112 13 112
0 12 8 15
0 12 7 12
0 21 5 21
0 76 7 76
13 6 13 7
0 144 18 160
31 76 31 77
0 84 13 84
0 20 4 30
0 32 4 48
0 45 10 54
0 130 19 130
60 34 60 35
79 30 79 31
23 12 23 13
0 102 11 102
0 12 8 15
0 50 19 50
0 42 13 42
29 10 29 11
23 4 23 5
39 26 39 27
73 106 73 107
0 20 3 20
0 12 6 16
0 42 6 56
0 64 8 80
11 33 11 34
19 10 19 11
0 36 6 48
0 6 3 6
11 21 11 22
107 82 107 83
0 56 7 56
0 88 16 99
0 60 10 72
0 39 5 39
55 34 55 35
0 40 7 40
0 72 12 84
0 16 8 20
35 13 35 14
0 36 3 36
0 22 4 33
0 25 10 30
59 28 59 29
0 96 15 96
47 20 47 21
0 48 7 48
3 24 3 25
5 24 5 25
0 9 6 12
0 49 13 49
37 12 37 13
88 64 88 65
53 37 53 38
69 29 69 30
0 40 15 40
17 32 17 33
0 126 18 140
0 51 6 68
29 65 29 66
0 112 16 126
0 77 14 88
0 28 3 28
91 88 91 89
0 24 15 24
0 24 4 36
0 20 10 24
14 20 14 21
0 36 18 40
0 12 6 16
0 32 4 48
0 70 9 70
71 54 71 55
17 32 17 33
0 144 16 162
0 54 17 54
19 24 19 25
34 20 34 21
3 4 3 5
60 34 60 35
41 36 41 37
0 171 17 171
0 56 14 64
23 4 23 5
0 114 11 114
0 36 17 36
20 14 20 15
0 48 12 56
13 6 13 7
0 44 7 44
17 10 17 11
0 26 3 26
0 36 4 54
0 40 10 48
41 36 41 37
0 72 16 81
0 88 16 99
0 16 7 16
31 76 31 77
31 76 31 77
41 48 41 49
0 96 12 112
0 96 16 108
17 10 17 11
27 2 27 3
13 18 13 19
12 12 12 13
23 11 23 12
0 25 9 25
0 144 15 144
0 60 7 60
22 26 22 27
0 34 4 51
21 28 21 29
13 50 13 51
0 16 4 24
47 15 47 16
0 64 7 64
0 60 12 70
0 48 15 48
0 70 9 70
31 2 31 3
19 56 19 57
0 152 16 171
31 88 31 89
0 6 3 6
37 18 37 19
0 15 5 15
37 10 37 11
0 102 12 119
0 38 3 38
29 45 29 46
41 48 41 49
19 10 19 11
103 66 103 67
0 20 7 20
54 36 54 37
0 66 12 77
0 56 15 56
16 28 16 29
0 12 4 18
0 24 8 30
37 18 37 19
0 162 17 162
0 52 8 65
0 30 10 36
0 99 18 110
13 34 13 35
0 22 3 22
0 28 7 28
0 144 16 162
15 4 15 5
0 72 7 72
0 12 3 12
0 81 17 81
3 12 3 13
0 136 16 153
78 54 78 55
87 65 87 66
0 56 8 70
43 40 43 41
0 98 13 98
0 9 6 12
0 36 11 36
98 72 98 73
47 20 47 21
0 162 18 180
5 16 5 17
89 62 89 63
73 70 73 71
0 20 7 20
17 32 17 33
0 30 9 30
37 52 37 53
0 28 7 28
71 28 71 29
0 56 14 64
98 72 98 73
71 54 71 55
0 25 10 30
0 112 14 128
0 32 16 36
0 28 3 28
0 42 14 48
33 11 33 12
47 40 47 41
0 48 16 54
0 48 12 56
0 153 17 153
0 128 15 128
0 9 6 12
0 40 15 40
0 36 8 45
5 32 5 33
0 30 6 40
11 8 11 9
69 50 69 51
0 24 7 24
0 40 8 50
0 30 6 40
103 66 103 67
0 50 9 50
0 70 9 70
53 18 53 19
0 135 18 150
28 16 28 17
0 15 9 15
0 18 6 24
65 38 65 39
0 76 8 95
0 96 12 112
0 114 12 133
0 28 14 32
0 60 10 72
24 38 24 39
0 81 18 90
18 8 18 9
17 7 17 8
0 126 17 126
0 88 15 88
27 4 27 5
0 135 18 150
0 50 10 60
0 91 14 104
0 136 16 153
54 36 54 37
0 24 15 24
0 42 13 42
53 22 53 23
31 28 31 29
0 119 13 119
0 190 19 190
43 82 43 83
0 108 12 126
0 45 5 45
0 20 3 20
19 2 19 3
34 16 34 17
0 38 4 57
57 70 57 71
0 126 17 126
0 48 8 60
0 90 10 108
0 108 12 126
0 112 13 112
0 12 6 16
0 33 6 44
5 20 5 21
0 16 8 20
0 48 12 56
0 70 10 84
0 77 13 77
0 88 16 99
17 10 17 11
0 108 18 120
0 12 6 16
0 12 6 16
31 28 31 29
0 42 13 42
0 160 19 160
43 40 43 41
0 57 5 57
0 68 8 85
55 40 55 41
0 10 4 15
0 28 3 28
29 14 29 15
0 64 15 64
44 32 44 33
0 30 10 36
0 96 16 108
0 24 12 28
0 90 19 90
0 40 10 48
31 64 31 65
27 4 27 5
0 152 15 152
0 28 3 28
0 70 10 84
0 51 5 51
0 42 14 48
35 4 35 5
5 28 5 29
29 65 29 66
41 60 41 61
0 96 16 108
0 114 12 133
0 117 18 130
0 28 7 28
0 48 6 64
9 5 9 6
0 80 10 96
13 18 13 19
0 54 18 60
91 88 91 89
45 18 45 19
0 95 9 95
15 2 15 3
31 28 31 29
91 88 91 89
0 96 16 108
0 60 12 70
0 190 19 190
83 51 83 52
0 36 18 40
0 70 9 70
3 28 3 29
53 22 53 23
0 16 7 16
20 14 20 15
13 42 13 43
0 56 14 64
0 40 10 48
73 88 73 89
0 76 7 76
69 50 69 51
5 4 5 5
0 30 9 30
69 50 69 51
7 4 7 5
89 62 89 63
0 180 19 180
57 54 57 55
0 40 9 40
0 27 5 27
0 119 13 119
53 16 53 17
0 51 5 51
0 136 16 153
0 33 5 33
103 66 103 67
35 2 35 3
0 32 15 32
0 48 5 48
0 40 10 48
0 32 16 36
0 42 11 42
0 90 17 90
19 16 19 17
37 12 37 13
11 8 11 9
0 42 12 49
0 68 8 85
67 40 67 41
0 15 6 20
0 38 4 57
79 56 79 57
0 119 14 136
41 72 41 73
0 126 14 144
59 44 59 45
37 12 37 13
0 56 16 63
57 54 57 55
0 20 7 20
63 38 63 39
0 32 15 32
0 72 18 80
0 10 4 15
0 100 19 100
0 51 6 68
0 140 19 140
0 105 13 105
0 48 12 56
0 16 8 20
0 81 17 81
11 45 11 46
19 40 19 41
0 81 18 90
0 99 17 99
0 60 9 60
46 28 46 29
0 49 14 56
17 32 17 33
89 40 89 41
0 96 12 112
0 16 8 20
0 96 12 112
0 64 8 80
67 62 67 63
0 42 6 56
37 52 37 53
53 16 53 17
71 80 71 81
0 39 6 52
0 120 16 135
0 18 5 18
49 27 49 28
0 80 15 80
31 52 31 53
0 70 14 80
25 10 25 11
21 48 21 49
0 72 7 72
0 45 5 45
19 16 19 17
0 63 13 63
0 48 7 48
0 35 14 40
0 36 7 36
55 77 55 78
0 90 9 90
0 40 7 40
0 32 4 48
0 72 12 84
0 128 16 144
0 24 12 28
0 10 3 10
0 40 16 45
71 54 71 55
41 14 41 15
88 64 88 65
0 40 8 50
0 10 4 15
31 64 31 65
3 36 3 37
0 77 14 88
43 68 43 69
21 18 21 19
107 82 107 83
0 84 12 98
0 63 13 63
0 70 14 80
0 32 8 40
0 81 18 90
0 42 6 56
0 16 4 24
0 28 14 32
0 18 4 27
7 46 7 47
0 160 19 160
57 54 57 55
0 108 11 108
55 49 55 50
0 171 18 190
0 15 5 15
0 32 8 40
31 10 31 11
71 80 71 81
11 15 11 16
29 35 29 36
20 14 20 15
0 110 19 110
0 99 17 99
0 24 4 36
0 60 12 70
0 63 14 72
0 12 4 18
0 18 5 18
0 60 7 60
7 46 7 47
0 51 6 68
0 84 11 84
7 52 7 53
0 42 6 56
0 84 12 98
0 76 7 76
0 21 5 21
0 126 17 126
0 72 11 72
87 65 87 66
0 65 10 78
0 45 5 45
19 48 19 49
39 26 39 27
0 126 17 126
0 170 19 170
0 32 8 40
0 126 14 144
13 6 13 7
0 33 5 33
0 65 9 65
0 48 12 56
73 40 73 41
0 98 13 98
0 24 6 32
0 126 13 126
0 72 11 72
0 24 8 30
0 50 10 60
5 28 5 29
7 52 7 53
0 90 17 90
41 28 41 29
0 135 17 135
41 72 41 73
35 13 35 14
0 76 7 76
0 54 6 72
0 90 18 100
0 72 17 72
0 60 12 70
43 96 43 97
0 16 7 16
73 40 73 41
28 16 28 17
0 48 15 48
0 12 4 18
0 12 4 18
0 90 19 90
0 48 5 48
29 45 29 46
0 54 12 63
0 15 6 20
0 39 6 52
59 21 59 22
0 120 19 120
47 15 47 16
27 17 27 18
59 44 59 45
41 36 41 37
0 10 4 15
0 54 12 63
35 18 35 19
0 63 18 70
28 16 28 17
0 51 5 51
0 18 5 18
7 34 7 35
0 91 14 104
31 4 31 5
0 15 9 15
79 30 79 31
0 32 16 36
0 140 19 140
0 126 18 140
7 2 7 3
0 140 19 140
0 95 10 114
0 10 3 10
47 20 47 21
10 4 10 5
91 108 91 109
0 40 10 48
0 56 13 56
0 32 15 32
0 48 7 48
0 90 19 90
51 58 51 59
0 15 10 18
0 171 17 171
35 2 35 3
0 50 10 60
50 48 50 49
19 24 19 25
0 52 7 52
0 56 15 56
0 80 10 96
0 112 15 112
0 152 16 171
7 52 7 53
29 10 29 11
0 8 3 8
0 150 19 150
16 28 16 29
33 11 33 12
0 32 4 48
5 4 5 5
0 24 16 27
0 114 12 133
0 68 8 85
91 108 91 109
0 119 13 119
0 22 4 33
0 55 10 66
0 98 13 98
0 160 19 160
0 24 12 28
0 70 10 84
23 12 23 13
0 21 5 21
0 24 12 28
0 98 14 112
0 64 7 64
0 28 3 28
0 26 4 39
0 30 10 36
37 12 37 13
0 12 6 16
0 90 10 108
0 90 9 90
0 32 16 36
0 95 10 114
71 64 71 65
0 77 14 88
11 4 11 5
0 36 3 36
0 50 9 50
88 64 88 65
0 30 10 36
45 18 45 19
0 6 4 9
51 20 51 21
0 49 14 56
11 27 11 28
0 32 8 40
0 51 6 68
0 95 9 95
91 88 91 89
55 63 55 64
0 117 18 130
34 20 34 21
39 26 39 27
55 63 55 64
79 30 79 31
0 48 8 60
0 104 16 117
0 105 13 105
0 153 18 170
11 9 11 10
43 40 43 41
64 52 64 53
0 30 3 30
0 45 17 45
0 9 5 9
0 119 13 119
0 16 8 20
0 12 3 12
0 20 8 25
0 84 14 96
11 45 11 46
0 33 6 44
0 24 11 24
3 16 3 17
29 35 29 36
0 28 4 42
14 6 14 7
103 66 103 67
3 16 3 17
62 42 62 43
0 49 14 56
0 162 18 180
0 90 12 105
0 162 17 162
19 40 19 41
34 20 34 21
29 18 29 19
7 2 7 3
0 112 14 128
0 162 18 180
29 18 29 19
19 56 19 57
3 32 3 33
73 40 73 41
21 48 21 49
0 96 16 108
41 36 41 37
0 65 10 78
0 36 18 40
29 65 29 66
0 126 14 144
37 18 37 19
0 96 12 112
0 20 10 24
51 58 51 59
11 15 11 16
14 20 14 21
57 86 57 87
107 82 107 83
103 66 103 67
0 120 16 135
0 32 7 32
0 104 16 117
34 16 34 17
91 88 91 89
25 10 25 11
0 55 10 66
5 12 5 13
0 90 11 90
0 48 7 48
0 64 16 72
0 72 18 80
34 28 34 29
7 28 7 29
0 190 19 190
0 35 13 35
0 114 12 133
7 4 7 5
0 24 8 30
59 28 59 29
0 54 11 54
0 36 4 54
0 12 8 15
0 36 18 40
34 28 34 29
0 28 7 28
57 54 57 55
11 2 11 3
0 12 5 12
0 28 13 28
0 56 14 64
0 24 11 24
14 20 14 21
0 24 4 36
0 12 4 18
0 57 5 57
3 24 3 25
36 44 36 45
69 50 69 51
50 48 50 49
29 35 29 36
29 55 29 56
0 30 10 36
87 65 87 66
0 28 4 42
0 24 6 32
0 64 16 72
0 39 5 39
95 74 95 75
7 2 7 3
57 70 57 71
0 84 13 84
0 108 12 126
55 63 55 64
21 48 21 49
0 90 18 100
7 34 7 35
27 4 27 5
0 24 8 30
0 68 8 85
11 8 11 9
7 10 7 11
0 90 11 90
0 24 4 36
0 25 9 25
0 36 8 45
0 65 10 78
0 144 16 162
46 28 46 29
0 77 14 88
17 7 17 8
0 24 11 24
0 38 3 38
0 60 19 60
0 78 12 91
91 88 91 89
53 37 53 38
19 48 19 49
0 24 8 30
21 68 21 69
53 16 53 17
0 126 18 140
0 64 7 64
13 42 13 43
0 9 6 12
0 63 18 70
0 90 12 105
0 60 12 70
0 128 16 144
0 12 4 18
29 65 29 66
0 30 6 40
22 10 22 11
59 21 59 22
41 60 41 61
29 12 29 13
21 58 21 59
19 4 19 5
0 42 14 48
55 34 55 35
17 10 17 11
47 40 47 41
0 119 14 136
0 56 16 63
0 45 6 60
0 135 17 135
0 72 8 90
0 126 18 140
0 72 11 72
0 102 11 102
0 120 15 120
0 44 7 44
0 60 12 70
0 39 5 39
87 65 87 66
0 54 18 60
69 29 69 30
0 104 16 117
0 12 6 16
3 4 3 5
0 140 19 140
0 33 6 44
3 28 3 29
0 119 14 136
31 22 31 23
43 10 43 11
0 42 14 48
0 32 4 48
55 40 55 41
107 82 107 83
21 8 21 9
0 126 13 126
79 40 79 41
0 8 3 8
0 112 14 128
0 54 11 54
55 77 55 78
0 28 14 32
0 20 4 30
0 88 15 88
0 36 6 48
0 35 10 42
11 2 11 3
31 28 31 29
0 55 9 55
0 60 11 60
0 20 10 24
34 16 34 17
19 40 19 41
91 108 91 109
77 39 77 40
0 126 17 126
78 54 78 55
0 36 12 42
0 117 18 130
0 78 12 91
0 36 18 40
27 17 27 18
0 8 4 12
0 117 18 130
0 18 6 24
43 54 43 55
3 12 3 13
0 30 6 40
67 62 67 63
0 54 18 60
0 60 9 60
0 56 14 64
21 28 21 29
0 36 4 54
47 20 47 21
19 40 19 41
41 14 41 15
0 14 4 21
64 52 64 53
0 98 14 112
21 58 21 59
0 120 16 135
0 30 9 30
0 42 12 49
0 20 3 20
0 84 14 96
0 56 15 56
0 70 14 80
0 70 9 70
0 24 4 36
