34 20 34 21
11 21 11 22
0 12 7 12
0 126 14 144
0 153 18 170
3 12 3 13
46 28 46 29
0 40 19 40
17 10 17 11
0 24 8 30
0 39 6 52
55 77 55 78
3 8 3 9
0 80 16 90
13 58 13 59
0 18 6 24
0 126 18 140
0 24 3 24
0 72 11 72
0 77 13 77
0 112 14 128
0 72 8 90
57 54 57 55
13 6 13 7
15 4 15 5
23 11 23 12
0 22 3 22
0 45 6 60
13 16 13 17
0 60 10 72
7 16 7 17
0 144 16 162
0 39 6 52
41 28 41 29
0 60 7 60
0 84 11 84
0 77 14 88
0 32 8 40
0 42 5 42
11 9 11 10
0 91 13 91
0 117 18 130
0 180 19 180
55 77 55 78
3 12 3 13
79 56 79 57
0 96 12 112
0 20 4 30
0 27 6 36
0 42 5 42
0 54 17 54
18 8 18 9
0 33 5 33
0 18 6 24
91 108 91 109
53 37 53 38
0 42 5 42
0 10 3 10
0 180 19 180
29 65 29 66
0 27 17 27
29 14 29 15
0 84 12 98
0 24 11 24
7 2 7 3
71 54 71 55
0 108 18 120
26 12 26 13
0 16 3 16
0 32 16 36
71 28 71 29
0 21 14 24
51 20 51 21
0 40 8 50
5 28 5 29
0 35 14 40
0 66 11 66
30 14 30 15
0 12 4 18
0 44 8 55
0 6 4 9
0 15 5 15
26 12 26 13
0 84 12 98
0 20 8 25
23 32 23 33
0 70 10 84
7 40 7 41
69 29 69 30
0 33 5 33
89 81 89 82
19 40 19 41
0 40 19 40
0 16 4 24
0 36 11 36
5 32 5 33
0 64 8 80
63 38 63 39
41 48 41 49
3 36 3 37
0 112 14 128
41 72 41 73
0 133 13 133
0 112 13 112
79 40 79 41
0 36 11 36
0 114 11 114
65 38 65 39
29 18 29 19
0 112 16 126
5 12 5 13
0 24 12 28
37 10 37 11
0 18 3 18
0 48 6 64
0 64 8 80
0 48 15 48
0 77 13 77
21 28 21 29
57 54 57 55
0 36 12 42
0 60 10 72
30 14 30 15
3 20 3 21
0 70 10 84
0 70 14 80
0 27 5 27
35 16 35 17
17 10 17 11
0 36 4 54
0 34 4 51
5 32 5 33
0 27 17 27
78 54 78 55
0 30 5 30
0 45 17 45
0 88 15 88
0 84 14 96
41 14 41 15
0 78 12 91
0 55 10 66
0 18 4 27
0 27 6 36
0 18 6 24
23 2 23 3
0 104 15 104
0 15 10 18
0 9 6 12
0 112 16 126
0 24 4 36
89 70 89 71
17 10 17 11
0 27 18 30
69 29 69 30
0 27 17 27
0 28 3 28
11 8 11 9
19 48 19 49
0 16 3 16
41 48 41 49
0 90 12 105
0 40 15 40
0 36 6 48
0 28 13 28
0 84 12 98
0 9 5 9
0 32 16 36
3 16 3 17
87 65 87 66
0 36 6 48
0 72 12 84
40 24 40 25
0 16 7 16
78 54 78 55
0 54 6 72
0 135 18 150
0 66 11 66
0 60 9 60
79 56 79 57
13 34 13 35
0 35 14 40
0 48 16 54
37 52 37 53
39 26 39 27
25 10 25 11
21 18 21 19
0 51 6 68
11 27 11 28
0 35 10 42
0 96 15 96
15 24 15 25
107 82 107 83
0 12 5 12
19 24 19 25
7 40 7 41
15 24 15 25
0 63 13 63
89 62 89 63
0 80 10 96
0 36 7 36
0 108 11 108
31 52 31 53
55 63 55 64
0 40 15 40
0 15 6 20
0 20 9 20
0 48 16 54
0 30 19 30
41 48 41 49
73 70 73 71
0 36 7 36
7 16 7 17
0 70 13 70
0 128 16 144
0 112 14 128
0 144 16 162
15 24 15 25
0 12 5 12
21 58 21 59
29 35 29 36
0 55 9 55
23 2 23 3
17 32 17 33
0 36 6 48
0 57 6 76
19 2 19 3
0 20 10 24
0 144 17 144
23 2 23 3
0 84 12 98
0 36 12 42
5 12 5 13
31 2 31 3
0 10 4 15
0 21 6 28
29 35 29 36
16 28 16 29
34 20 34 21
0 104 15 104
0 25 10 30
31 64 31 65
0 171 17 171
38 18 38 19
54 36 54 37
0 112 14 128
59 44 59 45
5 24 5 25
0 90 12 105
0 135 18 150
0 48 6 64
0 20 10 24
0 36 12 42
0 72 18 80
0 40 9 40
0 28 7 28
57 54 57 55
0 77 14 88
0 104 15 104
0 144 16 162
41 36 41 37
0 133 14 152
0 40 15 40
21 8 21 9
0 12 7 12
0 27 6 36
60 34 60 35
23 2 23 3
57 102 57 103
0 8 4 12
55 40 55 41
0 24 15 24
0 88 15 88
0 54 12 63
0 30 6 40
0 128 16 144
0 45 9 45
0 52 7 52
79 40 79 41
53 16 53 17
0 162 18 180
0 24 3 24
0 98 14 112
21 58 21 59
11 33 11 34
3 28 3 29
107 82 107 83
0 72 11 72
0 63 17 63
0 30 3 30
0 15 10 18
0 28 14 32
54 30 54 31
19 40 19 41
0 72 7 72
0 80 16 90
0 162 17 162
0 30 4 45
0 36 18 40
0 114 11 114
0 110 19 110
0 65 9 65
0 22 3 22
0 63 18 70
0 63 17 63
0 95 9 95
19 48 19 49
0 153 17 153
0 114 12 133
0 48 7 48
0 70 19 70
0 20 3 20
43 96 43 97
0 12 6 16
0 128 16 144
0 108 17 108
0 136 15 136
0 21 13 21
0 56 13 56
0 21 13 21
85 54 85 55
0 81 18 90
0 110 19 110
0 64 8 80
35 2 35 3
39 26 39 27
0 98 14 112
0 56 8 70
0 112 16 126
55 63 55 64
0 20 7 20
0 112 16 126
35 2 35 3
0 54 6 72
0 40 8 50
29 18 29 19
103 66 103 67
0 40 8 50
0 35 13 35
0 98 14 112
0 117 17 117
0 152 15 152
5 4 5 5
0 54 18 60
31 64 31 65
0 18 3 18
46 28 46 29
0 108 18 120
0 98 14 112
43 68 43 69
107 82 107 83
0 45 17 45
0 80 16 90
0 90 10 108
0 45 5 45
0 27 17 27
67 22 67 23
35 13 35 14
0 12 6 16
13 34 13 35
29 65 29 66
13 50 13 51
34 20 34 21
0 30 10 36
0 180 19 180
89 40 89 41
0 96 12 112
40 24 40 25
0 65 10 78
78 54 78 55
50 48 50 49
0 21 13 21
0 28 13 28
3 28 3 29
13 16 13 17
0 33 6 44
0 32 7 32
0 56 7 56
5 24 5 25
0 54 5 54
11 39 11 40
3 12 3 13
27 4 27 5
0 56 7 56
31 88 31 89
0 32 4 48
0 75 10 90
91 108 91 109
0 24 4 36
0 21 5 21
11 8 11 9
0 18 11 18
34 28 34 29
29 12 29 13
10 4 10 5
11 2 11 3
89 81 89 82
25 9 25 10
0 54 17 54
69 50 69 51
0 50 10 60
19 16 19 17
0 36 17 36
0 45 18 50
11 4 11 5
11 21 11 22
0 72 15 72
37 52 37 53
0 60 7 60
0 28 8 35
0 63 13 63
0 60 12 70
0 45 17 45
0 15 6 20
0 70 10 84
0 144 18 160
57 102 57 103
0 108 18 120
0 28 4 42
0 8 4 12
0 48 5 48
31 2 31 3
55 40 55 41
34 20 34 21
0 162 17 162
0 96 12 112
11 15 11 16
0 30 6 40
0 108 18 120
0 85 10 102
0 10 4 15
43 19 43 20
0 34 3 34
69 50 69 51
0 70 10 84
0 35 14 40
0 126 14 144
67 40 67 41
0 78 11 78
10 4 10 5
0 50 10 60
0 77 14 88
11 2 11 3
0 91 13 91
0 100 19 100
0 12 6 16
17 10 17 11
25 44 25 45
0 70 9 70
0 72 17 72
98 72 98 73
0 24 8 30
0 91 14 104
0 66 11 66
3 28 3 29
0 54 18 60
0 68 7 68
0 12 4 18
0 70 19 70
0 36 11 36
0 190 19 190
0 153 17 153
0 40 16 45
0 40 8 50
13 10 13 11
0 50 19 50
55 49 55 50
0 72 11 72
85 54 85 55
0 180 19 180
0 99 18 110
0 114 12 133
0 36 11 36
0 40 7 40
0 30 11 30
0 63 18 70
21 68 21 69
15 24 15 25
18 8 18 9
29 14 29 15
7 34 7 35
0 144 17 144
31 88 31 89
0 40 9 40
0 72 8 90
0 84 12 98
17 10 17 11
0 36 12 42
3 12 3 13
5 8 5 9
0 33 6 44
15 2 15 3
31 52 31 53
61 28 61 29
0 108 18 120
0 12 3 12
0 20 10 24
7 28 7 29
79 40 79 41
0 6 4 9
0 144 16 162
31 2 31 3
0 80 10 96
0 150 19 150
15 4 15 5
11 2 11 3
0 81 18 90
0 48 15 48
0 45 18 50
0 18 6 24
0 162 18 180
0 100 19 100
0 24 8 30
0 30 19 30
41 48 41 49
0 36 12 42
55 77 55 78
0 126 14 144
19 32 19 33
0 78 12 91
14 6 14 7
3 16 3 17
0 90 19 90
0 60 19 60
0 64 8 80
13 58 13 59
83 51 83 52
7 10 7 11
0 114 11 114
31 22 31 23
103 66 103 67
0 24 8 30
0 90 11 90
0 20 10 24
0 18 6 24
71 64 71 65
29 14 29 15
3 4 3 5
11 33 11 34
0 45 6 60
0 8 4 12
13 50 13 51
0 70 19 70
25 44 25 45
43 54 43 55
0 152 16 171
0 50 19 50
0 12 4 18
0 102 11 102
36 44 36 45
0 72 8 90
3 20 3 21
0 36 11 36
0 50 19 50
55 40 55 41
0 30 12 35
33 11 33 12
0 48 11 48
0 16 4 24
11 15 11 16
0 88 16 99
27 4 27 5
0 70 13 70
11 8 11 9
67 62 67 63
43 82 43 83
0 90 18 100
0 40 15 40
0 16 3 16
17 32 17 33
0 128 16 144
69 50 69 51
0 54 18 60
79 30 79 31
0 25 10 30
89 81 89 82
19 24 19 25
0 119 14 136
0 56 8 70
0 20 4 30
0 171 18 190
97 52 97 53
31 2 31 3
79 30 79 31
0 72 17 72
0 60 11 60
0 48 7 48
0 128 15 128
0 45 17 45
34 20 34 21
43 82 43 83
22 26 22 27
0 16 7 16
0 51 6 68
0 108 18 120
0 152 15 152
73 70 73 71
0 18 6 24
0 45 6 60
54 30 54 31
0 36 12 42
27 17 27 18
0 12 8 15
0 56 13 56
34 16 34 17
3 20 3 21
91 88 91 89
0 48 11 48
0 16 4 24
3 20 3 21
0 24 7 24
7 2 7 3
0 77 13 77
0 6 3 6
69 50 69 51
0 80 9 80
0 32 7 32
0 36 3 36
0 72 16 81
0 36 12 42
0 20 10 24
0 54 6 72
0 90 10 108
0 80 16 90
0 48 5 48
13 42 13 43
0 12 5 12
0 72 18 80
0 88 16 99
19 24 19 25
15 24 15 25
69 50 69 51
38 18 38 19
0 81 17 81
67 62 67 63
23 2 23 3
0 32 4 48
0 48 12 56
35 16 35 17
0 126 14 144
0 88 16 99
0 52 7 52
0 36 6 48
79 56 79 57
0 28 13 28
38 18 38 19
0 12 6 16
0 38 4 57
0 153 18 170
21 28 21 29
0 150 19 150
27 17 27 18
0 32 4 48
89 81 89 82
0 68 8 85
11 9 11 10
91 108 91 109
0 24 7 24
70 48 70 49
0 70 10 84
0 72 17 72
0 48 6 64
59 21 59 22
5 12 5 13
0 108 18 120
5 4 5 5
43 82 43 83
57 102 57 103
0 72 11 72
0 45 17 45
0 80 19 80
0 90 12 105
0 24 4 36
0 136 16 153
37 12 37 13
29 55 29 56
0 8 3 8
0 6 3 6
0 150 19 150
37 18 37 19
0 78 12 91
0 162 18 180
0 112 13 112
0 60 11 60
5 16 5 17
0 84 11 84
71 54 71 55
0 72 12 84
37 10 37 11
76 58 76 59
3 8 3 9
0 45 10 54
0 50 19 50
13 18 13 19
49 10 49 11
0 117 18 130
0 20 9 20
15 24 15 25
0 44 8 55
0 24 6 32
0 70 19 70
0 30 19 30
51 28 51 29
0 104 16 117
22 10 22 11
0 20 9 20
51 28 51 29
0 32 16 36
0 108 18 120
0 88 16 99
57 70 57 71
31 40 31 41
0 76 7 76
0 91 14 104
0 33 5 33
0 60 10 72
0 42 11 42
0 144 18 160
0 32 16 36
0 30 6 40
49 27 49 28
31 52 31 53
0 54 11 54
0 36 4 54
0 38 3 38
0 120 16 135
41 18 41 19
65 38 65 39
13 42 13 43
0 90 10 108
29 35 29 36
0 90 18 100
13 6 13 7
0 102 11 102
7 22 7 23
22 26 22 27
43 10 43 11
0 6 3 6
0 20 3 20
0 30 10 36
11 27 11 28
0 50 10 60
0 119 13 119
0 27 6 36
0 36 18 40
0 50 10 60
14 20 14 21
71 54 71 55
0 98 14 112
0 70 14 80
62 42 62 43
24 38 24 39
0 55 9 55
25 10 25 11
0 84 11 84
0 12 5 12
0 84 11 84
21 38 21 39
0 44 7 44
3 8 3 9
0 51 5 51
21 8 21 9
0 28 4 42
0 70 10 84
0 25 10 30
29 25 29 26
0 90 12 105
0 26 4 39
29 65 29 66
0 144 18 160
0 48 16 54
0 36 18 40
0 55 9 55
0 38 3 38
7 34 7 35
0 24 12 28
0 32 8 40
0 25 9 25
16 28 16 29
71 80 71 81
0 9 6 12
0 140 19 140
15 24 15 25
11 8 11 9
0 126 18 140
0 70 9 70
57 54 57 55
0 36 18 40
21 28 21 29
0 27 5 27
0 65 9 65
0 21 14 24
5 28 5 29
0 70 19 70
0 98 13 98
69 29 69 30
0 162 18 180
0 56 16 63
0 42 5 42
83 51 83 52
0 21 14 24
0 45 10 54
0 105 13 105
0 48 8 60
0 9 5 9
13 18 13 19
21 48 21 49
0 54 18 60
0 56 8 70
0 72 12 84
0 32 8 40
0 72 16 81
57 86 57 87
0 119 14 136
0 80 19 80
0 63 13 63
31 64 31 65
103 66 103 67
21 68 21 69
0 25 9 25
0 20 8 25
0 78 11 78
0 50 9 50
34 28 34 29
11 33 11 34
0 36 12 42
0 12 6 16
36 44 36 45
0 117 18 130
0 117 18 130
0 77 13 77
0 28 13 28
71 64 71 65
71 80 71 81
0 130 19 130
0 133 13 133
63 38 63 39
69 50 69 51
0 10 3 10
29 55 29 56
0 36 4 54
0 70 19 70
0 20 10 24
0 40 15 40
34 20 34 21
0 48 16 54
41 28 41 29
0 40 8 50
22 26 22 27
0 28 14 32
57 86 57 87
14 20 14 21
0 16 3 16
0 30 12 35
0 90 10 108
0 54 12 63
0 144 17 144
0 162 17 162
61 28 61 29
0 42 6 56
0 119 13 119
0 27 18 30
71 64 71 65
103 66 103 67
0 64 8 80
0 126 17 126
0 66 12 77
30 14 30 15
5 16 5 17
27 17 27 18
0 120 16 135
73 40 73 41
27 4 27 5
43 82 43 83
31 4 31 5
0 80 10 96
41 72 41 73
0 36 6 48
0 24 8 30
0 36 5 36
0 90 12 105
11 15 11 16
0 76 8 95
0 40 8 50
0 44 8 55
27 17 27 18
0 96 15 96
0 30 4 45
0 91 14 104
0 56 15 56
69 50 69 51
3 16 3 17
20 14 20 15
0 18 6 24
0 144 15 144
0 45 10 54
0 15 9 15
17 10 17 11
0 32 8 40
0 20 8 25
0 60 12 70
0 36 4 54
17 7 17 8
0 64 15 64
0 144 18 160
0 30 19 30
0 20 3 20
19 24 19 25
0 45 17 45
5 28 5 29
7 22 7 23
0 45 5 45
5 32 5 33
30 14 30 15
35 13 35 14
14 20 14 21
20 14 20 15
83 51 83 52
0 16 3 16
49 27 49 28
5 24 5 25
55 40 55 41
0 42 6 56
21 78 21 79
25 9 25 10
0 56 8 70
65 38 65 39
0 36 6 48
35 16 35 17
7 28 7 29
0 30 9 30
0 98 14 112
45 18 45 19
0 28 7 28
21 18 21 19
29 35 29 36
0 30 10 36
0 48 15 48
0 36 18 40
38 18 38 19
55 49 55 50
0 48 12 56
0 85 9 85
19 10 19 11
37 12 37 13
3 16 3 17
51 58 51 59
37 12 37 13
0 99 17 99
59 28 59 29
0 42 6 56
0 18 5 18
0 68 7 68
0 32 16 36
0 66 11 66
10 4 10 5
0 54 18 60
61 28 61 29
0 48 15 48
0 18 11 18
0 48 12 56
0 42 12 49
0 33 5 33
0 140 19 140
17 10 17 11
0 64 15 64
0 45 18 50
0 130 19 130
0 42 12 49
51 58 51 59
0 42 11 42
21 28 21 29
0 24 8 30
0 112 14 128
41 36 41 37
19 10 19 11
0 32 4 48
0 24 11 24
0 70 10 84
0 33 6 44
0 84 12 98
0 36 12 42
0 153 17 153
10 4 10 5
0 66 12 77
0 114 12 133
0 16 7 16
0 108 12 126
0 153 17 153
13 34 13 35
7 16 7 17
0 54 18 60
0 50 19 50
0 12 7 12
0 112 14 128
0 12 6 16
0 136 15 136
0 15 10 18
0 14 3 14
0 28 7 28
0 99 17 99
