0 48 7 48
0 18 5 18
43 96 43 97
0 40 8 50
0 30 4 45
13 18 13 19
0 10 4 15
41 28 41 29
11 15 11 16
9 5 9 6
14 6 14 7
7 16 7 17
0 120 16 135
69 29 69 30
11 15 11 16
55 49 55 50
0 36 18 40
13 6 13 7
0 130 19 130
79 56 79 57
41 36 41 37
3 24 3 25
0 40 15 40
0 36 3 36
55 40 55 41
0 36 18 40
29 14 29 15
59 21 59 22
11 15 11 16
78 54 78 55
0 20 4 30
0 48 8 60
55 40 55 41
55 63 55 64
3 16 3 17
0 120 19 120
0 21 13 21
0 36 11 36
0 48 6 64
0 20 4 30
15 4 15 5
88 64 88 65
0 32 3 32
11 39 11 40
0 144 18 160
15 2 15 3
0 36 11 36
0 133 14 152
0 35 14 40
21 8 21 9
11 27 11 28
0 28 13 28
0 42 14 48
41 72 41 73
0 27 6 36
0 24 3 24
0 91 14 104
0 32 4 48
64 52 64 53
0 36 17 36
0 30 10 36
0 27 5 27
0 84 13 84
0 35 13 35
0 36 12 42
0 20 10 24
35 18 35 19
0 84 13 84
0 144 18 160
13 66 13 67
0 91 14 104
0 171 17 171
47 30 47 31
70 48 70 49
0 34 3 34
0 108 12 126
0 49 13 49
0 90 18 100
41 28 41 29
0 78 12 91
0 56 15 56
43 10 43 11
0 144 17 144
0 24 8 30
37 18 37 19
46 28 46 29
73 40 73 41
64 52 64 53
33 11 33 12
34 28 34 29
13 42 13 43
0 45 10 54
19 40 19 41
95 74 95 75
0 24 8 30
0 108 17 108
7 34 7 35
0 34 3 34
0 78 11 78
54 36 54 37
0 42 14 48
0 78 11 78
9 5 9 6
0 36 18 40
0 90 10 108
0 12 4 18
73 106 73 107
0 153 17 153
0 48 11 48
0 63 14 72
0 20 8 25
0 90 12 105
0 64 8 80
0 40 8 50
62 42 62 43
0 25 10 30
0 21 13 21
0 90 11 90
53 22 53 23
0 78 11 78
11 2 11 3
0 70 14 80
0 35 14 40
0 48 6 64
0 68 8 85
0 90 18 100
0 72 16 81
3 32 3 33
0 28 13 28
0 42 11 42
0 81 17 81
59 21 59 22
57 102 57 103
0 54 5 54
0 114 11 114
0 112 15 112
7 46 7 47
0 60 10 72
0 108 18 120
0 128 16 144
0 85 9 85
0 16 3 16
0 128 16 144
0 95 10 114
0 112 13 112
25 44 25 45
19 24 19 25
0 33 6 44
35 36 35 37
13 16 13 17
0 30 10 36
31 2 31 3
7 22 7 23
11 21 11 22
0 60 11 60
0 21 13 21
0 96 12 112
0 9 5 9
7 4 7 5
28 16 28 17
41 48 41 49
67 22 67 23
0 16 8 20
38 18 38 19
0 119 13 119
0 144 17 144
45 18 45 19
43 40 43 41
73 70 73 71
16 28 16 29
0 16 3 16
0 40 8 50
0 136 16 153
35 4 35 5
0 126 18 140
31 28 31 29
5 8 5 9
51 28 51 29
0 12 6 16
0 84 12 98
0 22 4 33
0 112 13 112
65 38 65 39
25 44 25 45
0 144 18 160
0 64 15 64
0 39 5 39
0 39 5 39
0 128 16 144
0 32 4 48
53 16 53 17
5 16 5 17
41 60 41 61
11 15 11 16
0 30 9 30
0 98 14 112
27 17 27 18
13 66 13 67
57 54 57 55
41 18 41 19
0 14 3 14
0 20 10 24
0 70 9 70
13 58 13 59
0 70 10 84
0 171 17 171
0 24 6 32
0 24 12 28
0 12 8 15
0 81 18 90
41 36 41 37
0 16 7 16
30 14 30 15
0 104 15 104
0 40 8 50
0 70 19 70
0 153 17 153
0 24 6 32
15 2 15 3
0 108 17 108
0 60 9 60
0 24 15 24
27 4 27 5
0 70 13 70
0 8 4 12
17 10 17 11
13 58 13 59
54 36 54 37
0 52 8 65
0 20 10 24
0 48 5 48
0 90 18 100
0 90 10 108
0 80 10 96
0 81 18 90
0 36 18 40
0 9 6 12
7 2 7 3
0 40 8 50
0 64 8 80
0 54 6 72
77 39 77 40
0 30 9 30
0 72 18 80
67 62 67 63
0 78 12 91
78 54 78 55
3 24 3 25
0 126 18 140
78 54 78 55
0 108 18 120
0 21 5 21
43 10 43 11
14 20 14 21
0 80 16 90
0 60 10 72
3 24 3 25
0 42 6 56
0 162 18 180
23 11 23 12
0 60 12 70
0 42 5 42
79 40 79 41
60 34 60 35
0 32 4 48
0 20 7 20
0 14 4 21
0 60 7 60
0 56 14 64
0 32 3 32
0 48 5 48
0 108 17 108
0 36 7 36
53 18 53 19
0 98 14 112
0 63 13 63
0 90 10 108
21 20 21 21
19 32 19 33
19 40 19 41
0 54 17 54
9 5 9 6
21 78 21 79
13 10 13 11
15 24 15 25
0 36 12 42
0 88 15 88
0 108 18 120
0 54 17 54
47 30 47 31
49 27 49 28
0 30 6 40
0 126 18 140
0 21 14 24
0 32 7 32
0 110 19 110
0 21 13 21
0 20 7 20
0 72 7 72
27 2 27 3
0 36 11 36
21 18 21 19
0 96 11 96
33 11 33 12
0 54 11 54
0 72 7 72
0 24 12 28
21 48 21 49
29 25 29 26
0 33 6 44
0 108 12 126
0 28 14 32
37 18 37 19
0 42 6 56
0 28 14 32
0 45 6 60
0 30 3 30
0 32 16 36
0 140 19 140
0 96 16 108
0 24 4 36
20 14 20 15
0 72 7 72
0 60 7 60
0 128 16 144
0 36 7 36
83 51 83 52
0 20 4 30
19 16 19 17
55 34 55 35
0 44 8 55
0 72 11 72
0 48 12 56
30 14 30 15
0 28 3 28
0 80 15 80
0 136 15 136
31 10 31 11
0 36 6 48
0 36 4 54
7 28 7 29
0 24 6 32
0 96 11 96
0 35 9 35
0 18 4 27
29 55 29 56
0 32 15 32
9 5 9 6
0 40 8 50
53 18 53 19
0 12 6 16
24 38 24 39
11 33 11 34
31 28 31 29
0 18 12 21
0 54 6 72
0 64 8 80
0 26 4 39
47 20 47 21
0 54 18 60
7 52 7 53
3 20 3 21
0 63 14 72
0 70 13 70
0 110 19 110
0 126 18 140
0 12 4 18
0 26 4 39
25 44 25 45
22 10 22 11
89 40 89 41
0 42 12 49
0 90 18 100
25 9 25 10
0 49 14 56
41 60 41 61
0 56 16 63
0 14 4 21
0 56 8 70
27 4 27 5
91 108 91 109
23 12 23 13
67 22 67 23
0 18 3 18
73 88 73 89
0 85 10 102
19 56 19 57
0 66 12 77
0 24 3 24
3 16 3 17
0 60 12 70
69 50 69 51
11 33 11 34
89 70 89 71
0 20 10 24
0 32 15 32
49 10 49 11
0 44 7 44
0 26 4 39
55 49 55 50
0 36 8 45
0 24 8 30
0 120 19 120
0 63 13 63
0 15 9 15
0 42 14 48
0 50 10 60
25 44 25 45
23 2 23 3
49 27 49 28
0 28 8 35
0 90 10 108
0 49 14 56
27 4 27 5
0 108 18 120
29 10 29 11
0 36 12 42
0 105 13 105
0 22 4 33
0 64 16 72
0 36 7 36
0 162 18 180
63 38 63 39
0 96 16 108
0 112 14 128
0 12 3 12
0 24 5 24
0 27 6 36
0 15 9 15
47 30 47 31
57 102 57 103
7 4 7 5
0 72 16 81
0 112 15 112
23 11 23 12
0 38 4 57
59 28 59 29
9 5 9 6
76 58 76 59
0 102 11 102
0 120 16 135
0 48 8 60
0 72 11 72
53 37 53 38
47 20 47 21
0 60 10 72
0 42 13 42
71 80 71 81
0 68 8 85
11 8 11 9
7 28 7 29
70 48 70 49
0 119 14 136
76 58 76 59
0 28 13 28
41 28 41 29
71 28 71 29
0 64 15 64
0 60 12 70
0 20 3 20
0 24 6 32
0 18 6 24
0 28 7 28
0 6 3 6
0 12 7 12
0 105 13 105
0 16 4 24
0 112 16 126
0 126 13 126
37 18 37 19
0 40 7 40
27 2 27 3
0 16 3 16
0 36 4 54
0 54 6 72
7 4 7 5
0 42 14 48
0 27 17 27
89 62 89 63
0 26 4 39
0 32 8 40
30 14 30 15
0 49 14 56
54 30 54 31
79 30 79 31
60 34 60 35
57 86 57 87
0 104 15 104
0 60 12 70
0 40 15 40
0 133 14 152
53 37 53 38
0 24 5 24
19 16 19 17
14 20 14 21
0 24 16 27
0 135 18 150
0 42 14 48
61 18 61 19
97 52 97 53
0 36 7 36
7 10 7 11
0 90 17 90
0 85 10 102
0 28 14 32
31 64 31 65
81 68 81 69
0 24 8 30
0 140 19 140
10 4 10 5
0 12 6 16
17 10 17 11
31 40 31 41
0 57 5 57
0 42 5 42
0 80 9 80
0 80 16 90
0 32 8 40
0 39 5 39
31 22 31 23
21 58 21 59
0 42 11 42
25 9 25 10
0 64 8 80
0 153 17 153
0 84 14 96
69 29 69 30
71 80 71 81
21 20 21 21
0 63 17 63
0 28 3 28
0 84 11 84
0 95 9 95
35 13 35 14
0 40 10 48
57 54 57 55
0 21 5 21
0 57 6 76
0 68 7 68
0 114 11 114
7 2 7 3
0 50 19 50
0 30 6 40
0 112 14 128
0 60 10 72
0 32 15 32
0 90 18 100
40 24 40 25
0 20 10 24
0 28 13 28
0 45 17 45
0 8 3 8
0 36 12 42
0 12 5 12
22 26 22 27
0 40 8 50
0 54 6 72
31 40 31 41
0 60 12 70
0 30 6 40
0 27 6 36
0 48 12 56
0 36 6 48
0 91 13 91
53 18 53 19
0 32 4 48
43 19 43 20
0 114 12 133
0 104 16 117
0 26 4 39
57 54 57 55
88 64 88 65
0 77 13 77
0 100 19 100
20 14 20 15
0 24 8 30
0 36 12 42
0 48 7 48
0 76 7 76
0 56 15 56
5 12 5 13
0 60 8 75
0 16 4 24
7 22 7 23
5 8 5 9
53 16 53 17
0 33 5 33
5 24 5 25
0 76 8 95
0 30 9 30
0 48 16 54
0 136 15 136
23 2 23 3
0 24 12 28
0 48 6 64
0 12 6 16
3 12 3 13
5 8 5 9
0 18 4 27
0 44 7 44
35 36 35 37
0 108 12 126
0 36 4 54
15 2 15 3
0 95 9 95
0 36 11 36
0 50 19 50
23 11 23 12
0 54 17 54
59 44 59 45
43 54 43 55
0 162 17 162
0 20 7 20
0 84 14 96
0 48 16 54
0 42 14 48
0 108 12 126
21 38 21 39
3 24 3 25
0 90 18 100
0 96 16 108
35 13 35 14
0 117 17 117
71 28 71 29
0 70 10 84
0 20 4 30
7 16 7 17
0 44 8 55
0 117 17 117
53 37 53 38
0 32 15 32
0 56 16 63
3 24 3 25
16 28 16 29
0 39 5 39
3 32 3 33
0 108 18 120
71 64 71 65
73 106 73 107
89 40 89 41
0 76 7 76
0 60 12 70
7 22 7 23
57 54 57 55
21 18 21 19
0 48 6 64
63 38 63 39
85 54 85 55
0 171 17 171
5 24 5 25
5 4 5 5
0 102 11 102
43 10 43 11
65 38 65 39
25 9 25 10
0 48 8 60
25 9 25 10
0 49 13 49
0 54 6 72
19 2 19 3
0 12 4 18
0 48 5 48
64 52 64 53
0 54 11 54
37 12 37 13
0 40 10 48
0 130 19 130
97 52 97 53
0 30 6 40
0 16 8 20
16 28 16 29
43 40 43 41
28 16 28 17
0 18 4 27
0 35 13 35
0 81 18 90
0 27 6 36
0 24 8 30
27 2 27 3
0 49 14 56
0 112 16 126
23 4 23 5
0 36 5 36
0 117 17 117
0 24 16 27
0 27 18 30
0 36 6 48
29 55 29 56
20 14 20 15
17 32 17 33
0 144 17 144
3 12 3 13
23 2 23 3
0 60 7 60
0 51 6 68
0 27 17 27
0 60 8 75
0 38 3 38
0 30 11 30
21 78 21 79
0 24 3 24
53 18 53 19
0 36 4 54
50 48 50 49
0 90 10 108
89 70 89 71
0 126 14 144
0 72 15 72
0 16 4 24
33 11 33 12
46 28 46 29
0 108 18 120
51 28 51 29
76 58 76 59
71 80 71 81
0 21 5 21
23 12 23 13
0 24 16 27
10 4 10 5
0 102 12 119
0 84 11 84
13 6 13 7
35 16 35 17
0 45 10 54
0 21 13 21
69 29 69 30
0 56 14 64
0 30 10 36
0 77 13 77
0 98 14 112
0 70 13 70
0 171 17 171
0 45 17 45
19 16 19 17
0 36 5 36
0 96 15 96
0 12 3 12
43 82 43 83
7 22 7 23
0 24 4 36
0 15 5 15
0 48 11 48
43 96 43 97
43 10 43 11
81 68 81 69
0 36 11 36
0 14 4 21
0 50 10 60
0 108 12 126
0 54 6 72
0 56 14 64
47 15 47 16
0 170 19 170
0 42 6 56
0 30 9 30
0 42 6 56
0 30 4 45
3 8 3 9
29 55 29 56
30 14 30 15
89 70 89 71
0 42 11 42
0 72 15 72
0 114 12 133
0 35 13 35
0 44 7 44
0 60 10 72
3 24 3 25
0 36 4 54
11 39 11 40
0 36 12 42
7 28 7 29
0 8 4 12
89 62 89 63
0 30 6 40
0 112 15 112
0 70 9 70
91 88 91 89
0 72 12 84
0 96 11 96
71 64 71 65
0 60 7 60
0 84 14 96
0 48 6 64
5 4 5 5
22 10 22 11
0 150 19 150
29 14 29 15
0 85 10 102
0 24 6 32
0 85 10 102
31 64 31 65
33 11 33 12
0 16 7 16
0 40 15 40
0 36 4 54
0 64 8 80
19 56 19 57
33 11 33 12
0 135 17 135
0 90 18 100
0 15 5 15
0 36 18 40
0 15 5 15
0 36 12 42
34 28 34 29
51 28 51 29
0 12 5 12
0 60 7 60
0 104 16 117
34 28 34 29
0 63 17 63
0 60 10 72
57 102 57 103
21 28 21 29
0 72 18 80
15 2 15 3
0 126 18 140
0 91 14 104
0 72 12 84
0 24 12 28
28 16 28 17
0 34 4 51
0 102 11 102
0 40 19 40
0 36 8 45
0 56 15 56
79 30 79 31
0 152 16 171
41 48 41 49
0 30 4 45
13 34 13 35
0 153 17 153
10 4 10 5
37 12 37 13
5 12 5 13
0 9 6 12
0 108 17 108
0 70 19 70
21 28 21 29
0 24 6 32
0 25 10 30
0 110 19 110
43 54 43 55
0 48 7 48
23 2 23 3
13 66 13 67
3 16 3 17
0 48 16 54
34 16 34 17
0 108 18 120
21 18 21 19
0 32 7 32
0 84 11 84
57 102 57 103
15 2 15 3
0 84 13 84
0 48 16 54
0 72 12 84
0 35 9 35
0 50 19 50
0 150 19 150
0 72 8 90
27 2 27 3
46 28 46 29
0 16 8 20
9 5 9 6
36 44 36 45
0 32 15 32
41 36 41 37
79 56 79 57
41 36 41 37
103 66 103 67
0 81 18 90
0 45 17 45
0 9 6 12
21 18 21 19
0 6 3 6
3 8 3 9
0 14 3 14
0 28 13 28
47 15 47 16
21 28 21 29
0 12 5 12
21 48 21 49
65 38 65 39
0 27 5 27
0 108 17 108
0 30 10 36
51 20 51 21
39 26 39 27
21 58 21 59
0 30 10 36
0 51 5 51
38 18 38 19
0 117 17 117
33 11 33 12
13 18 13 19
0 25 9 25
29 65 29 66
0 144 16 162
21 78 21 79
0 42 6 56
73 88 73 89
21 58 21 59
0 90 19 90
0 120 15 120
0 40 10 48
0 42 12 49
73 70 73 71
79 56 79 57
0 30 10 36
0 48 11 48
73 106 73 107
0 50 19 50
0 70 14 80
0 144 15 144
0 108 11 108
0 48 5 48
0 100 19 100
0 95 10 114
53 18 53 19
59 28 59 29
0 72 7 72
0 112 16 126
0 36 12 42
0 144 16 162
0 84 11 84
0 95 10 114
0 99 18 110
0 6 4 9
0 30 10 36
0 12 7 12
23 4 23 5
45 18 45 19
0 32 4 48
0 36 17 36
0 84 14 96
0 70 10 84
62 42 62 43
0 25 10 30
0 15 5 15
3 36 3 37
0 136 15 136
0 64 15 64
0 133 14 152
53 37 53 38
0 56 8 70
0 24 6 32
0 36 8 45
73 70 73 71
0 45 6 60
21 28 21 29
5 16 5 17
73 88 73 89
3 32 3 33
0 135 18 150
0 28 7 28
83 51 83 52
0 98 14 112
0 99 17 99
89 81 89 82
41 72 41 73
43 96 43 97
0 60 11 60
0 30 10 36
0 81 17 81
0 52 8 65
0 42 13 42
19 16 19 17
0 25 10 30
31 76 31 77
0 40 9 40
0 24 5 24
0 98 13 98
0 80 16 90
65 38 65 39
0 32 16 36
31 64 31 65
0 9 5 9
43 82 43 83
29 18 29 19
34 16 34 17
31 2 31 3
0 77 13 77
79 56 79 57
73 70 73 71
0 60 19 60
0 64 15 64
0 25 10 30
0 63 18 70
55 40 55 41
29 10 29 11
0 16 3 16
13 26 13 27
0 72 11 72
31 88 31 89
51 28 51 29
0 30 11 30
0 98 14 112
