0 78
0 49
0 25
0 30
0 43
0 70
2 20
0 10
0 11
0 49
32 18
0 46
0 65
0 71
0 67
32 56
0 10
0 57
0 30
0 18
0 43
0 105
24 64
17 8
0 20
0 89
0 33
0 85
0 16
0 61
0 106
0 111
0 36
0 10
0 30
17 34
0 37
0 19
30 14
0 71
0 66
0 66
0 97
28 50
0 145
0 30
0 71
9 2
0 91
0 46
17 8
0 54
0 31
0 99
0 41
0 65
0 11
24 64
0 69
0 78
19 8
9 32
1 9
31 4
0 91
0 34
0 129
1 9
0 17
8 3
0 40
0 40
0 4
44 34
0 11
0 49
0 31
17 56
0 151
0 13
48 22
0 113
1 33
0 85
24 64
0 145
2 42
0 97
0 29
0 25
0 43
0 62
0 100
0 45
0 52
0 3
0 99
0 40
0 66
0 129
14 28
0 118
0 15
0 33
31 13
0 86
0 49
0 46
0 17
0 136
0 65
0 61
0 17
0 37
25 25
0 34
0 7
0 13
5 37
0 4
0 5
0 25
0 61
0 43
1 5
0 10
0 11
0 25
28 1
48 14
0 43
0 118
0 20
12 18
19 21
0 28
32 7
0 103
0 67
0 48
0 129
0 22
0 65
0 141
0 19
30 14
0 136
0 21
0 25
0 145
0 11
20 10
26 2
0 17
0 76
0 29
0 61
2 51
0 41
0 41
0 66
0 9
0 89
0 100
0 31
0 10
0 46
24 39
0 41
0 91
0 37
0 21
0 11
32 56
23 10
0 31
0 10
34 12
0 129
0 11
1 38
23 10
0 19
20 1
30 38
0 55
0 13
0 61
0 49
0 17
0 51
0 28
4 1
0 41
24 30
0 65
6 50
31 13
0 41
0 40
0 78
0 54
0 34
0 97
24 39
0 17
0 43
14 7
0 34
6 2
0 5
0 37
7 7
9 2
0 90
0 33
0 65
0 21
0 85
0 67
12 11
0 60
42 12
0 91
0 52
0 41
0 47
0 49
30 2
0 31
0 37
0 31
0 85
0 46
0 17
0 17
0 97
7 51
0 45
30 14
0 37
0 7
0 113
0 49
0 91
7 65
0 30
0 22
0 21
37 7
0 41
0 53
0 73
0 86
0 6
0 11
0 71
0 41
0 43
0 18
0 64
0 81
0 17
0 103
0 18
0 50
0 21
1 25
0 99
0 33
27 42
0 71
0 21
0 36
0 70
0 69
24 18
0 11
0 49
0 85
42 18
25 60
42 12
0 25
18 2
0 113
0 41
0 31
0 61
0 131
0 113
0 81
0 71
0 51
0 50
23 10
0 8
0 121
2 12
0 36
0 14
0 13
0 48
0 19
0 78
0 22
25 25
0 31
0 61
0 13
11 7
0 145
26 26
0 105
5 37
1 37
0 25
0 37
0 97
0 49
0 40
0 51
0 18
0 41
4 1
20 1
0 73
0 26
1 21
23 38
3 2
0 57
0 105
0 49
19 8
0 16
0 71
0 49
0 31
0 73
0 57
9 9
0 61
0 61
0 25
0 50
0 61
0 113
0 27
0 36
0 31
0 65
0 22
0 49
18 36
20 7
0 57
0 85
0 37
0 61
0 6
1 49
0 25
0 25
0 25
0 69
28 1
0 55
18 2
0 89
0 71
0 121
0 49
17 8
0 42
0 30
0 76
1 45
0 40
1 37
18 17
16 7
39 14
0 25
0 33
0 34
0 37
0 6
0 29
2 72
0 51
17 56
0 29
0 85
0 31
0 14
0 37
0 43
0 7
0 21
0 8
0 5
0 118
0 9
1 17
0 31
32 56
17 8
0 113
0 31
18 2
0 36
11 4
0 55
0 118
6 22
0 10
18 36
0 37
0 81
27 46
25 60
0 5
0 61
0 40
28 1
0 21
2 56
0 27
0 15
9 9
0 26
0 25
0 52
22 46
0 46
0 61
24 30
0 49
0 19
0 49
0 5
0 5
0 25
0 84
0 97
32 7
1 5
0 100
18 36
2 12
0 11
0 21
0 29
6 2
1 29
0 113
0 127
1 45
26 12
0 33
0 9
0 46
0 25
0 100
0 86
0 73
4 39
0 37
0 19
5 37
0 121
15 25
0 22
0 141
32 7
0 113
0 62
0 105
0 15
0 15
0 21
24 2
0 12
0 7
20 10
0 66
0 37
0 81
39 14
0 21
0 43
26 26
18 36
0 25
39 14
24 35
0 9
0 21
0 71
0 22
21 4
0 50
0 25
0 41
0 17
0 43
0 45
48 22
0 6
30 14
36 4
0 120
0 28
0 36
16 8
0 19
14 2
0 13
0 66
0 105
18 2
0 25
0 109
7 65
0 113
1 25
0 35
0 15
21 4
0 60
0 15
0 3
0 36
0 25
0 10
16 7
0 73
0 9
0 71
0 19
0 19
0 121
0 15
0 13
0 36
0 10
2 7
0 100
0 65
0 78
0 49
23 38
0 3
26 12
0 22
1 33
0 61
0 81
0 45
0 171
0 28
48 22
0 11
5 37
0 13
6 50
0 17
0 71
0 46
0 18
0 19
0 61
0 118
17 8
0 9
0 57
18 2
0 19
0 33
0 40
0 43
0 33
26 7
0 21
0 97
0 49
22 46
1 29
0 91
0 73
0 49
0 21
18 2
0 37
0 36
0 57
0 43
0 106
0 3
0 129
1 13
0 4
0 44
2 7
0 5
0 85
0 17
31 13
0 10
0 73
17 34
0 41
0 10
0 113
0 15
0 49
0 13
0 57
5 3
0 65
26 2
0 100
0 90
0 25
23 8
24 2
0 21
0 37
0 13
23 8
24 64
0 91
0 13
0 5
0 19
0 50
0 40
0 121
1 5
0 2
0 28
2 12
20 1
0 97
0 40
0 31
0 55
7 7
0 9
1 29
0 28
0 65
0 46
0 22
0 73
16 8
0 13
0 55
0 61
37 7
2 51
0 49
0 24
10 2
1 21
0 9
0 18
0 43
0 21
38 26
0 78
24 64
0 55
0 41
0 25
0 43
0 25
18 2
0 15
0 52
0 121
24 39
0 29
0 56
0 33
0 103
0 18
0 40
0 141
23 10
0 33
24 30
0 57
0 33
0 55
0 97
0 33
1 29
26 2
0 21
32 56
25 25
0 31
0 120
12 18
0 3
0 40
0 91
0 81
0 40
0 103
21 4
30 38
0 14
0 50
0 27
0 46
0 29
0 15
0 35
0 97
0 5
0 136
0 7
1 45
0 7
1 21
14 24
0 36
0 121
23 38
0 57
0 3
0 7
0 53
0 11
0 46
0 13
6 10
0 71
14 42
16 4
0 37
1 29
0 43
0 82
1 37
3 66
0 81
0 127
4 26
12 16
0 85
0 97
2 42
38 7
2 6
0 17
0 31
1 29
0 141
0 71
0 19
0 103
0 35
0 25
0 35
0 14
0 66
6 50
0 21
0 49
0 11
0 45
0 37
0 15
0 97
0 154
0 21
0 11
0 66
0 19
0 36
0 25
0 11
0 25
0 82
0 61
24 30
0 136
0 3
0 13
0 35
8 7
2 30
0 145
0 25
0 71
0 91
0 127
0 91
31 4
22 18
0 57
0 52
0 29
0 65
0 106
0 145
0 65
0 60
1 27
0 48
31 4
0 56
18 54
0 22
32 56
0 19
8 3
0 17
0 113
0 21
21 4
0 22
0 56
14 24
0 35
23 38
30 14
0 113
1 33
0 91
21 2
0 53
0 31
0 131
1 29
0 35
0 79
0 103
0 25
0 64
0 64
0 51
17 8
0 30
0 100
27 42
0 69
0 161
0 64
0 52
0 49
28 50
0 11
28 1
0 91
0 71
0 26
0 26
0 43
0 46
0 22
42 12
0 19
38 26
0 81
0 11
0 6
0 18
0 37
0 19
0 61
0 37
0 36
2 2
0 71
2 6
0 91
0 90
0 23
0 56
0 56
0 49
0 10
24 39
0 15
9 4
1 21
0 25
0 23
20 10
0 33
0 13
32 56
0 92
0 17
17 8
0 91
0 6
1 17
0 81
0 36
0 43
0 41
0 17
0 91
0 6
30 14
0 49
26 4
0 19
0 22
1 29
0 97
0 49
0 40
0 23
0 31
0 121
0 17
0 46
0 81
2 10
0 81
0 171
24 64
0 81
2 10
0 13
0 29
0 19
0 10
34 12
0 25
0 28
0 43
1 13
0 41
0 103
0 28
0 49
0 42
0 25
0 25
32 1
5 3
0 26
2 20
0 16
3 66
31 13
0 55
0 120
0 13
0 50
0 47
0 34
0 53
0 91
26 24
0 13
0 37
0 61
32 18
0 19
0 16
0 81
0 121
0 57
0 7
0 61
0 36
0 19
0 13
0 66
0 47
0 43
44 34
0 34
0 73
0 64
0 81
0 76
0 31
0 17
0 17
34 12
0 30
0 61
0 57
0 8
0 65
0 105
0 8
0 26
0 57
0 151
