8 4
18 4
34 1
21 1
10 6
51 1
5 1
14 12
11 1
69 1
43 1
11 0
12 12
10 12
15 0
11 0
16 17
5 0
4 11
13 1
5 0
25 1
10 7
12 10
5 0
14 10
13 0
21 1
4 18
57 1
19 0
16 6
47 1
91 1
89 1
43 1
78 1
19 1
12 11
63 1
107 1
43 1
5 0
12 6
9 0
31 1
12 6
4 10
16 1
4 12
39 1
51 1
41 1
35 1
57 1
25 1
10 14
19 0
43 1
19 1
4 18
23 1
9 0
53 1
6 19
41 1
19 0
3 1
15 1
64 1
12 18
19 0
29 1
17 0
12 6
41 1
91 1
41 1
23 1
6 14
35 1
18 10
7 1
7 1
54 1
9 0
12 8
10 6
16 6
47 1
19 1
5 0
6 3
17 0
11 0
4 8
3 0
5 0
3 0
8 14
89 1
6 3
49 1
17 0
11 1
18 16
16 7
13 0
18 17
41 1
34 1
21 1
89 1
18 14
14 10
3 1
6 16
12 14
16 6
14 4
27 1
41 1
40 1
67 1
16 17
16 3
14 10
41 1
24 1
18 17
18 5
91 1
9 0
18 10
17 0
14 7
9 0
35 1
29 1
49 1
21 1
79 1
17 0
18 19
11 1
5 1
19 0
16 11
14 16
43 1
9 1
13 0
8 3
7 0
5 0
7 0
13 1
18 16
31 1
13 0
4 10
4 16
10 9
19 0
60 1
79 1
23 1
11 0
8 3
19 0
13 0
29 1
23 1
39 1
73 1
3 0
6 4
6 14
8 16
11 1
19 1
6 12
3 0
11 1
107 1
7 0
16 11
10 12
5 0
55 1
7 0
12 12
8 4
35 1
3 0
4 11
10 5
59 1
15 0
47 1
7 0
3 1
5 1
6 3
13 0
37 1
88 1
53 1
69 1
15 0
17 1
18 14
6 17
29 1
16 14
14 11
3 0
91 1
15 0
4 12
10 4
14 1
18 4
6 4
4 16
9 0
71 1
17 1
16 18
17 0
19 1
34 1
3 1
60 1
41 1
17 0
14 8
23 1
11 0
17 0
20 1
12 8
13 1
7 0
17 1
3 0
4 18
10 8
41 1
16 9
16 11
7 0
31 1
31 1
41 1
12 16
16 12
17 1
27 1
13 1
12 1
23 1
9 0
15 0
7 0
22 1
4 17
21 1
13 1
4 8
47 1
7 0
12 10
15 0
9 0
31 1
19 1
16 19
31 1
3 0
37 1
5 0
37 1
12 17
3 0
29 1
41 1
19 1
103 1
7 0
54 1
12 11
15 0
16 1
4 6
8 6
37 1
17 0
8 13
10 6
18 11
13 1
3 0
7 0
16 18
15 1
7 0
3 0
17 0
3 1
16 17
78 1
87 1
8 14
43 1
13 0
6 3
11 0
98 1
47 1
18 18
5 1
89 1
73 1
7 0
17 1
9 0
37 1
7 0
71 1
14 8
98 1
71 1
10 5
14 16
16 4
3 0
14 6
33 1
47 1
16 6
12 8
17 0
15 0
6 3
15 0
8 9
5 1
6 10
11 1
69 1
7 0
8 10
6 10
103 1
9 0
9 0
53 1
18 15
28 1
9 0
6 6
65 1
8 19
12 16
12 19
14 4
10 12
24 1
18 9
18 1
17 1
17 0
15 0
27 1
18 15
10 10
14 13
16 17
54 1
15 0
13 0
53 1
31 1
13 0
19 0
43 1
12 18
5 0
3 0
19 1
34 1
4 19
57 1
17 0
8 12
10 18
12 18
13 0
6 4
6 11
5 1
8 4
12 8
10 14
13 0
16 11
17 1
18 12
6 4
6 4
31 1
13 0
19 0
43 1
5 0
8 17
55 1
4 5
3 0
29 1
15 0
44 1
10 6
16 12
12 4
19 0
10 8
31 1
27 1
15 0
3 0
10 14
5 0
14 6
35 1
5 1
29 1
41 1
16 12
12 19
18 13
7 0
6 16
9 1
10 16
13 1
18 6
91 1
45 1
9 0
15 1
31 1
91 1
16 12
12 10
19 0
83 1
18 4
9 0
3 1
53 1
7 0
20 1
13 1
14 8
10 8
73 1
7 0
69 1
5 1
9 0
69 1
7 1
89 1
19 0
57 1
9 0
5 0
13 0
53 1
5 0
16 17
5 0
103 1
35 1
15 0
5 0
10 8
16 4
11 0
17 0
19 1
37 1
11 1
12 7
8 17
67 1
6 5
4 19
79 1
14 17
41 1
14 18
59 1
37 1
16 7
57 1
7 0
63 1
15 0
18 8
4 5
19 0
6 17
19 0
13 0
12 8
8 4
17 0
11 1
19 1
18 9
17 0
9 0
46 1
14 7
17 1
89 1
12 16
8 4
12 16
8 16
67 1
6 14
37 1
53 1
71 1
6 13
16 15
5 0
49 1
15 0
31 1
14 10
25 1
21 1
7 0
5 0
19 1
13 0
7 0
14 5
7 0
55 1
9 0
7 0
4 16
12 12
16 16
12 4
3 0
16 5
71 1
41 1
88 1
8 10
4 5
31 1
3 1
14 11
43 1
21 1
107 1
12 14
13 0
14 10
8 8
18 9
6 14
4 8
14 4
4 9
7 1
19 0
57 1
11 0
55 1
18 19
5 0
8 8
31 1
71 1
11 1
29 1
20 1
19 0
17 0
4 12
12 10
14 9
4 6
5 0
7 0
7 1
6 17
11 0
7 1
6 14
12 14
7 0
5 0
17 0
11 0
87 1
10 13
5 0
19 1
39 1
17 0
19 0
8 8
14 18
13 1
5 0
9 0
12 8
73 1
13 0
6 8
13 0
11 0
8 6
10 10
5 1
7 1
17 0
41 1
17 0
41 1
35 1
7 0
6 18
18 10
17 0
12 10
43 1
7 0
73 1
28 1
15 0
4 6
4 6
19 0
5 0
29 1
12 9
6 5
6 13
59 1
19 0
47 1
27 1
59 1
41 1
4 5
12 9
35 1
18 7
28 1
5 0
5 0
7 1
14 13
31 1
9 0
79 1
16 4
19 0
18 14
7 1
19 0
10 19
3 0
47 1
10 1
91 1
10 8
13 0
15 0
7 0
19 0
51 1
10 3
17 0
35 1
10 10
50 1
19 1
7 0
15 0
10 16
15 0
16 19
7 1
29 1
3 0
19 0
16 1
33 1
4 16
5 1
16 3
12 19
8 17
91 1
13 0
4 11
10 11
13 0
19 0
12 4
10 14
23 1
5 0
12 4
14 14
7 0
3 0
4 13
10 6
37 1
6 4
10 18
9 0
16 4
10 19
71 1
14 11
11 1
3 0
9 0
88 1
10 6
45 1
4 3
51 1
14 7
11 1
8 8
6 17
9 0
91 1
55 1
18 13
34 1
39 1
55 1
79 1
8 12
16 13
13 0
18 17
11 1
43 1
64 1
3 0
17 0
5 0
13 0
8 4
3 0
8 5
14 12
11 1
6 11
11 0
3 1
29 1
4 14
14 1
103 1
3 1
62 1
14 7
18 18
12 15
17 0
19 1
34 1
29 1
7 1
14 16
18 18
29 1
19 1
3 1
73 1
21 1
16 12
41 1
10 13
18 4
29 1
14 18
37 1
12 16
10 4
51 1
11 1
14 1
57 1
107 1
103 1
16 15
7 0
16 13
34 1
91 1
25 1
10 11
5 1
11 0
7 0
16 8
18 8
34 1
7 1
19 0
13 0
12 19
7 1
8 6
59 1
11 0
4 18
8 3
18 4
34 1
7 0
57 1
11 1
5 0
13 0
14 8
11 0
14 1
4 12
4 6
5 0
3 1
36 1
69 1
50 1
29 1
29 1
10 6
87 1
4 14
6 8
16 8
5 0
95 1
7 1
57 1
13 0
12 18
55 1
21 1
18 10
7 1
27 1
8 6
8 17
11 1
7 1
11 0
4 12
9 0
8 9
10 13
16 18
46 1
14 11
17 1
11 0
3 0
19 0
12 13
91 1
53 1
19 1
8 6
21 1
53 1
18 14
7 0
13 1
6 3
18 7
12 15
12 10
16 16
4 6
29 1
6 10
22 1
59 1
41 1
29 1
21 1
19 1
14 6
55 1
17 1
47 1
14 17
16 7
6 15
17 0
8 18
18 14
11 0
11 0
15 0
7 0
12 10
5 0
87 1
18 6
69 1
16 13
6 4
3 1
19 0
6 11
3 1
14 17
31 1
43 1
14 6
4 16
55 1
107 1
21 1
13 0
79 1
3 0
14 16
11 0
55 1
14 4
4 10
15 0
6 12
10 7
11 1
31 1
9 0
11 0
10 4
34 1
19 1
91 1
77 1
17 0
78 1
12 6
18 13
12 13
18 4
27 1
4 4
18 13
6 6
43 1
3 1
6 10
67 1
18 6
9 0
14 8
21 1
4 18
47 1
19 1
41 1
4 7
64 1
14 14
21 1
16 15
9 0
12 7
3 0
14 12
15 0
14 10
9 0
4 12
