7 0
5 0
43 1
8 10
4 15
13 1
4 5
41 1
11 1
9 1
14 1
7 1
16 15
69 1
11 1
55 1
18 4
13 1
19 0
79 1
41 1
3 1
15 0
3 0
55 1
18 4
29 1
59 1
11 1
78 1
4 10
8 12
55 1
55 1
3 1
19 0
13 0
11 0
6 16
4 10
15 1
88 1
3 0
11 1
18 16
15 1
11 0
14 19
14 5
21 1
11 1
13 0
14 6
41 1
6 9
3 0
14 13
4 16
64 1
17 0
10 6
5 0
13 0
13 0
12 6
10 4
35 1
13 0
18 16
13 1
14 13
17 0
47 1
70 1
3 0
12 18
13 0
18 10
41 1
12 13
15 0
43 1
17 0
8 6
37 1
46 1
73 1
64 1
33 1
34 1
13 1
10 9
19 1
95 1
8 6
17 0
7 1
3 0
11 0
54 1
14 6
11 0
9 1
18 4
10 18
4 6
73 1
17 0
11 0
14 9
8 5
12 15
8 16
8 10
62 1
10 5
13 0
11 0
53 1
11 0
11 1
14 10
14 5
6 16
8 17
18 10
16 9
3 1
13 0
11 0
17 0
59 1
57 1
5 0
11 0
15 0
7 1
10 12
18 12
16 16
9 0
3 0
16 16
10 19
13 0
25 1
19 1
6 11
35 1
13 1
10 6
31 1
7 1
11 1
11 0
13 0
12 16
5 0
7 1
28 1
41 1
67 1
8 4
38 1
13 0
17 0
45 1
43 1
73 1
16 1
3 0
8 10
16 17
35 1
18 14
31 1
5 1
51 1
6 4
12 14
4 11
13 0
65 1
25 1
18 16
15 0
5 0
5 0
16 16
4 16
53 1
5 1
41 1
11 1
9 0
14 14
27 1
13 1
57 1
41 1
3 0
10 4
9 0
13 1
10 14
17 0
6 8
12 4
8 3
18 9
41 1
7 0
30 1
15 0
8 10
19 0
17 0
6 8
15 1
17 0
9 0
15 0
27 1
13 0
4 4
17 1
13 1
54 1
8 13
10 4
5 0
18 10
10 18
10 16
18 9
18 4
6 3
7 1
8 10
8 16
6 18
77 1
9 0
18 8
67 1
12 13
78 1
3 1
18 14
78 1
18 12
5 0
43 1
14 1
16 10
10 12
3 1
6 14
18 18
23 1
12 10
5 0
79 1
60 1
4 16
7 0
4 7
7 0
14 8
3 0
5 0
17 0
7 0
53 1
14 14
13 0
10 18
21 1
19 1
19 1
17 0
9 1
21 1
13 1
15 1
12 6
15 0
18 12
17 0
47 1
49 1
6 10
18 14
14 3
7 0
19 0
13 0
7 0
7 0
27 1
11 0
21 1
11 0
33 1
11 0
7 0
12 4
21 1
29 1
6 11
12 18
14 4
37 1
6 14
14 4
6 15
3 0
16 4
19 0
16 12
4 12
20 1
7 0
7 0
16 16
7 0
83 1
4 10
19 1
55 1
8 11
11 0
12 8
30 1
3 0
15 0
15 0
31 1
6 12
4 18
7 1
6 8
11 0
9 0
4 9
29 1
15 0
9 1
8 10
53 1
6 4
24 1
11 1
31 1
12 3
6 18
8 16
4 13
47 1
18 6
7 1
3 1
14 9
13 0
19 0
18 14
4 6
4 13
25 1
22 1
89 1
12 7
18 10
25 1
14 7
41 1
16 7
4 7
8 14
27 1
91 1
23 1
67 1
3 0
73 1
10 17
19 1
12 11
3 0
3 1
12 10
69 1
11 1
89 1
10 4
15 0
49 1
7 0
4 13
55 1
8 9
8 6
19 0
13 0
9 0
14 6
10 10
25 1
23 1
49 1
8 7
10 18
14 7
27 1
18 12
29 1
12 6
13 0
4 11
16 8
7 0
18 18
63 1
16 12
14 16
3 0
5 0
6 9
9 0
47 1
57 1
7 1
16 9
15 0
23 1
4 19
59 1
9 1
76 1
11 0
16 15
8 12
11 0
53 1
47 1
10 12
13 0
71 1
8 17
11 1
7 1
70 1
14 17
76 1
13 0
41 1
71 1
15 0
12 10
3 0
6 8
6 6
7 0
3 0
7 0
13 0
4 8
16 14
13 0
37 1
7 0
27 1
3 0
4 18
6 18
7 1
14 6
17 0
89 1
4 13
8 8
30 1
14 7
54 1
79 1
60 1
57 1
15 0
12 10
15 0
14 19
53 1
5 0
19 1
14 1
16 3
18 15
14 6
61 1
97 1
7 0
7 1
17 0
10 17
14 4
31 1
81 1
8 6
19 0
10 1
6 4
17 1
31 1
5 0
5 0
9 0
16 10
8 8
5 0
31 1
21 1
11 0
25 1
8 16
17 0
14 12
69 1
71 1
21 1
17 0
3 0
11 0
9 0
35 1
10 8
57 1
5 0
6 19
7 0
11 0
7 1
19 0
6 10
14 16
10 12
15 0
18 10
40 1
10 4
13 0
17 0
3 0
12 6
5 0
22 1
8 10
6 18
31 1
12 10
6 10
6 9
12 8
6 12
13 0
53 1
4 16
43 1
12 19
16 13
4 13
57 1
88 1
13 0
19 0
20 1
8 6
12 6
7 0
7 0
15 0
5 1
8 15
4 8
7 1
5 1
53 1
5 0
5 1
8 19
9 0
16 6
15 0
23 1
12 4
6 16
6 4
3 1
5 1
4 9
7 0
35 1
12 18
4 18
15 1
9 0
11 0
19 0
23 1
17 0
59 1
43 1
17 0
7 0
14 12
16 6
14 6
12 18
21 1
3 1
18 10
16 12
35 1
17 0
71 1
10 14
4 10
7 1
8 11
17 0
53 1
15 0
16 7
3 1
16 1
5 0
3 1
18 12
71 1
73 1
89 1
7 0
12 10
7 1
57 1
21 1
6 16
63 1
85 1
17 0
5 1
5 1
11 0
43 1
65 1
25 1
8 12
25 1
13 0
6 18
19 1
4 6
5 0
64 1
11 0
37 1
10 8
19 0
97 1
6 10
8 4
16 1
43 1
28 1
4 9
13 0
18 9
6 9
8 6
27 1
14 7
16 14
23 1
5 0
17 0
16 3
18 3
6 12
29 1
20 1
17 1
17 0
3 1
23 1
7 0
6 17
17 0
8 15
3 0
11 0
21 1
3 0
53 1
4 18
50 1
10 18
89 1
14 18
15 0
4 8
33 1
46 1
18 12
51 1
76 1
71 1
5 0
23 1
16 3
10 1
12 17
11 0
13 1
35 1
10 9
13 0
69 1
14 8
10 6
13 0
14 14
13 0
17 0
17 0
19 1
5 0
15 0
3 0
43 1
7 1
4 12
5 0
11 0
43 1
43 1
81 1
11 0
4 7
10 10
12 18
6 18
14 8
47 1
19 0
6 14
9 0
6 14
4 15
3 1
29 1
30 1
89 1
11 0
15 0
12 19
13 0
7 0
10 12
3 1
4 18
11 1
12 6
7 1
4 4
89 1
6 10
15 0
9 0
91 1
12 12
11 0
71 1
7 0
14 12
6 16
5 1
22 1
19 0
29 1
10 17
6 8
10 17
31 1
33 1
7 0
15 0
4 18
8 16
19 1
33 1
17 0
18 10
5 0
18 4
5 0
12 6
34 1
51 1
5 0
7 0
16 13
34 1
17 0
10 12
57 1
21 1
18 8
15 1
18 14
14 13
12 12
12 4
28 1
4 17
11 0
19 0
8 9
15 0
79 1
16 19
41 1
4 15
13 1
17 0
10 1
37 1
5 1
6 3
17 0
19 0
21 1
6 8
10 5
19 0
43 1
7 0
23 1
13 1
3 1
16 6
34 1
18 12
21 1
7 0
11 0
57 1
15 1
13 0
16 6
12 12
9 0
19 0
19 0
8 18
27 1
46 1
8 4
9 1
36 1
15 0
41 1
79 1
41 1
103 1
18 9
17 0
6 3
21 1
3 0
3 1
3 0
13 0
47 1
21 1
5 0
21 1
65 1
5 0
17 0
10 6
51 1
39 1
21 1
10 6
5 0
38 1
17 0
33 1
13 1
9 0
29 1
16 18
21 1
6 14
73 1
21 1
19 0
15 0
10 8
12 7
73 1
79 1
10 6
11 0
73 1
19 0
14 10
15 0
11 0
5 0
19 0
10 19
53 1
59 1
7 0
16 14
12 6
16 18
11 0
10 19
18 11
4 3
10 6
7 0
23 1
45 1
4 16
17 0
14 12
10 14
62 1
10 5
5 0
3 1
15 0
15 0
14 19
53 1
8 14
6 8
8 9
73 1
6 15
21 1
5 1
73 1
3 1
18 15
7 0
83 1
14 14
17 0
89 1
41 1
43 1
11 0
10 6
17 0
8 13
13 0
19 1
10 5
31 1
9 0
5 0
13 0
16 10
65 1
16 4
31 1
5 0
43 1
29 1
34 1
31 1
13 0
79 1
73 1
19 0
15 0
10 5
18 7
55 1
29 1
3 0
13 1
11 0
31 1
51 1
11 0
14 14
