0 13
7 51
0 41
0 33
16 1
0 13
0 18
0 35
0 29
1 33
0 17
0 11
0 65
0 13
20 26
8 1
1 21
0 136
0 35
0 16
4 1
0 33
6 4
0 55
0 21
0 17
0 11
0 49
6 4
0 10
0 103
0 5
6 4
0 21
17 8
0 2
0 57
21 49
0 61
0 43
1 37
0 97
0 7
2 20
0 21
0 61
0 86
0 13
0 111
0 35
0 33
26 12
0 18
6 22
0 7
0 44
39 14
0 79
0 29
0 90
6 4
0 49
25 60
0 49
0 10
0 73
38 26
0 31
0 41
0 41
0 8
17 56
0 29
0 22
0 81
0 10
30 2
0 6
0 16
16 13
0 13
2 2
0 137
0 53
7 65
0 71
0 13
20 7
0 97
0 61
0 82
0 36
0 88
0 19
6 2
0 105
0 31
0 36
23 38
0 26
0 22
0 55
0 14
0 28
0 91
0 49
0 10
0 85
0 25
14 24
0 65
0 100
0 31
1 13
0 127
0 97
0 8
0 121
28 50
0 17
0 14
0 85
0 137
0 43
0 27
0 100
1 13
0 27
2 20
0 13
0 73
26 12
37 7
27 42
48 14
0 19
0 127
0 81
0 78
0 129
34 12
0 69
0 9
0 57
0 5
0 25
0 127
33 25
0 78
0 36
0 97
0 36
26 24
0 25
0 15
44 7
3 17
0 22
0 10
0 65
0 85
0 103
0 51
0 13
0 113
0 35
0 26
0 57
0 43
0 109
0 127
0 7
0 81
0 30
0 64
0 97
0 28
42 12
0 111
0 69
11 4
33 25
6 4
10 12
0 81
0 85
0 154
0 106
0 9
0 50
0 55
0 46
0 17
0 13
48 22
32 1
0 18
0 25
0 55
0 78
0 6
22 18
0 23
0 64
0 21
3 66
0 11
0 69
38 26
0 7
0 81
0 17
0 55
0 13
0 29
0 65
0 27
31 66
26 7
0 26
0 41
0 31
0 81
5 37
0 61
0 7
4 1
0 92
0 15
6 50
0 81
0 19
0 13
1 49
15 2
0 62
0 11
24 39
22 18
0 36
14 24
0 36
0 11
0 76
0 48
0 127
2 2
1 37
19 21
5 3
0 71
0 66
1 37
0 65
0 43
0 121
0 23
0 17
0 25
0 21
2 12
1 39
0 46
26 7
20 10
14 7
0 67
0 10
0 91
0 65
12 2
15 2
0 37
0 34
0 43
0 57
27 46
0 85
0 17
0 33
0 91
0 42
0 66
0 9
0 113
0 67
5 3
32 18
0 5
0 73
0 7
0 65
0 57
0 6
0 25
0 28
0 136
0 11
0 27
16 40
0 8
0 31
0 99
0 113
0 106
0 57
0 25
0 17
0 154
14 7
0 113
0 19
6 4
1 39
0 27
0 100
0 27
26 12
0 105
0 33
0 141
0 37
0 10
0 37
0 17
4 39
0 71
24 1
0 36
0 37
0 53
0 85
0 14
21 15
7 7
0 37
0 50
0 21
14 7
0 16
0 71
0 25
0 105
0 23
0 43
0 113
0 40
0 25
18 54
0 111
2 10
0 26
0 46
0 73
0 106
0 18
0 154
5 37
0 49
0 97
0 41
0 129
7 65
11 7
0 71
24 35
0 33
0 22
0 91
0 61
0 100
0 73
14 2
0 28
17 8
0 73
0 19
24 39
0 9
0 8
14 2
0 7
28 22
0 31
0 12
0 17
0 29
0 42
0 161
0 6
22 46
9 16
0 121
0 151
0 17
0 21
0 21
0 81
0 11
0 22
0 91
0 81
0 9
0 4
0 28
0 79
0 27
0 25
0 5
2 20
2 42
18 54
0 19
0 62
0 91
4 26
16 40
0 11
0 85
0 2
0 47
9 9
0 99
1 5
0 67
26 24
0 85
0 161
0 43
1 16
11 7
0 89
0 25
0 105
24 35
0 56
0 88
42 18
0 21
0 82
0 10
0 66
0 31
0 16
0 76
1 21
0 42
0 86
0 65
0 31
0 113
28 50
0 15
0 85
0 41
17 34
0 18
0 145
0 92
0 41
2 56
0 22
0 16
0 37
0 88
0 100
0 42
0 37
0 21
0 17
0 22
0 88
0 21
0 7
0 78
0 86
0 26
0 127
32 7
0 131
0 8
0 113
0 129
0 34
0 25
14 24
23 38
0 81
0 89
0 57
16 4
0 89
0 109
0 31
0 37
0 25
0 97
0 9
0 89
0 46
24 30
0 73
0 33
0 35
20 23
20 7
0 49
32 7
2 10
0 91
0 19
26 24
0 52
0 97
3 17
0 46
12 16
0 37
0 19
0 113
0 7
0 97
0 16
0 17
0 69
0 65
0 50
16 1
0 43
0 43
0 16
2 10
0 37
1 21
22 46
2 51
0 25
0 15
0 19
0 43
13 7
27 46
0 97
0 79
0 25
0 91
0 67
0 41
7 51
0 92
1 29
0 29
0 91
0 127
0 71
6 2
0 92
0 33
0 31
26 12
0 34
0 22
0 51
18 2
0 14
0 16
3 17
0 91
0 81
0 85
12 6
0 49
0 19
0 65
0 88
0 25
0 56
0 145
0 43
0 21
0 67
0 67
0 35
0 31
0 57
0 49
0 85
0 3
0 16
0 85
0 41
0 71
0 37
2 7
0 69
0 9
0 30
0 9
12 16
0 113
0 10
12 1
9 4
6 2
19 8
0 21
0 49
0 22
0 49
0 9
0 19
0 76
0 17
0 136
0 37
0 34
1 49
3 2
0 43
0 49
25 60
1 16
0 14
0 47
0 19
0 141
0 16
0 91
0 137
24 35
0 60
0 51
0 91
0 11
0 109
19 21
0 9
0 11
0 88
0 25
48 22
26 24
0 19
0 66
0 25
0 15
0 33
0 30
0 111
0 127
0 28
7 7
0 71
0 29
0 17
0 20
1 13
0 9
0 9
22 46
0 55
0 10
0 5
0 21
0 89
0 17
0 41
0 121
0 43
0 69
0 27
0 2
6 4
0 113
0 85
0 10
18 2
0 91
1 16
0 21
24 18
0 71
5 37
10 12
26 26
15 18
0 81
0 131
0 37
0 25
21 4
0 36
24 2
0 17
0 8
26 24
0 56
48 14
0 37
0 43
0 10
0 21
0 21
0 85
6 2
18 54
0 52
0 50
0 6
0 33
20 23
0 16
0 85
17 34
0 49
0 34
0 109
31 66
0 46
25 25
0 171
0 29
14 7
2 72
0 121
0 57
11 7
0 81
0 9
31 4
0 33
0 81
0 154
0 49
5 3
4 1
17 56
0 5
8 7
0 43
0 9
0 13
2 72
12 16
1 13
0 49
0 47
1 38
0 7
11 7
14 2
0 85
0 82
0 65
0 90
0 7
0 5
0 100
0 23
0 27
16 7
0 79
0 55
2 10
3 66
0 21
0 51
16 7
1 33
0 99
0 15
0 9
0 27
1 21
0 61
0 13
0 15
0 64
0 29
0 51
38 26
0 34
0 19
0 4
0 71
0 65
0 30
0 56
36 4
16 1
0 36
4 1
0 71
0 19
1 17
0 73
0 55
16 7
3 17
32 7
0 3
0 91
0 45
20 1
0 64
0 7
0 49
0 37
0 9
0 127
0 31
0 55
0 26
0 19
0 51
0 29
0 52
32 1
0 88
23 10
0 17
0 33
0 28
0 101
0 4
0 109
0 91
0 50
38 7
0 10
0 69
0 13
0 97
0 109
0 61
0 49
0 26
0 42
0 81
0 76
0 17
2 56
0 73
0 9
7 65
20 10
0 51
0 99
0 15
0 36
0 81
21 15
0 109
0 30
9 16
0 85
0 10
0 7
0 6
0 33
0 34
0 10
0 64
0 51
0 69
0 15
0 113
0 19
0 101
24 2
0 9
16 8
12 2
0 7
8 1
0 6
0 9
2 51
0 46
1 5
0 46
0 61
0 81
0 19
0 11
0 25
9 16
0 10
20 23
0 67
14 28
11 7
0 41
24 1
0 27
0 7
0 9
0 7
0 3
0 41
0 45
0 17
0 43
0 18
19 21
0 91
0 7
0 9
21 2
6 22
0 72
0 91
0 41
0 30
0 23
0 25
0 92
0 65
0 118
0 5
0 21
0 41
0 46
0 10
0 9
5 37
0 56
16 13
0 17
0 4
0 43
0 42
0 37
0 73
0 25
0 50
0 81
0 43
0 26
0 73
6 50
0 121
16 40
0 47
0 50
21 2
0 16
0 65
0 145
0 82
0 28
0 5
24 2
0 29
0 86
16 13
2 12
0 62
0 23
0 40
6 2
0 65
0 11
0 55
18 36
0 18
20 7
0 61
0 13
0 30
0 6
0 78
0 30
0 45
0 41
0 5
0 3
0 16
0 57
0 3
0 25
7 65
36 48
0 69
0 71
0 120
0 6
0 28
0 26
0 19
0 17
20 7
0 37
0 54
0 19
22 46
21 15
33 25
0 64
20 10
