16 13
0 17
0 5
0 113
0 136
0 10
18 17
0 21
7 7
0 17
0 34
0 65
0 6
0 65
0 52
0 13
0 109
0 21
0 61
0 64
0 99
0 65
2 42
6 2
10 2
11 4
0 19
0 40
1 13
0 51
0 12
0 129
0 34
12 18
0 53
0 73
0 64
0 25
0 37
1 5
0 78
0 100
0 161
0 65
0 10
27 42
0 85
0 17
0 22
0 37
0 37
9 4
0 28
0 13
0 91
15 25
0 37
0 7
0 161
0 57
0 10
14 7
0 73
0 13
4 1
16 40
0 91
13 7
0 13
0 17
42 18
0 8
30 8
0 33
0 26
0 22
0 55
16 7
0 9
0 37
0 3
0 10
13 7
0 73
0 13
1 27
0 61
0 36
39 14
0 28
7 65
0 34
0 21
0 13
0 25
0 30
0 57
25 25
1 38
0 34
0 99
0 62
0 120
0 99
38 26
0 25
0 103
26 24
10 12
0 97
0 10
0 13
26 7
0 15
0 43
0 57
0 33
0 64
0 21
2 42
0 25
0 51
16 7
0 18
0 61
0 57
0 22
19 8
6 4
0 33
0 31
0 30
0 10
24 39
0 25
0 28
0 73
0 71
26 4
0 67
0 46
0 15
0 22
0 13
20 1
0 89
0 6
0 4
0 97
0 21
18 54
7 7
0 10
39 14
0 10
0 25
2 6
0 42
0 13
1 38
0 79
0 25
0 31
0 15
0 73
0 4
0 17
0 14
21 49
0 31
0 61
16 15
0 9
24 39
0 49
0 118
0 55
0 51
27 42
0 28
0 22
0 33
1 45
15 18
14 7
2 12
0 46
0 23
0 26
0 81
1 21
31 66
0 7
0 18
0 36
1 21
0 50
27 46
0 71
0 29
0 97
0 42
2 51
0 25
0 10
0 11
0 33
0 11
1 38
2 56
0 29
0 12
0 57
0 113
0 99
0 129
1 21
0 7
0 50
0 27
0 46
20 1
1 29
0 31
0 52
16 1
0 11
0 127
20 1
0 73
0 25
0 10
28 1
0 7
0 16
0 27
1 25
16 13
0 89
0 16
0 54
0 154
20 10
20 26
0 99
17 34
0 22
0 79
0 118
0 43
0 11
0 25
0 55
0 31
0 21
2 42
0 64
0 89
0 129
4 26
0 120
0 25
12 2
0 5
0 22
28 22
20 1
0 88
0 5
14 28
0 9
0 73
0 43
0 25
0 113
0 36
0 45
38 26
36 4
0 145
0 21
0 85
0 50
0 29
0 26
31 66
0 61
0 46
0 27
0 6
0 15
24 18
0 34
0 65
0 65
0 145
0 27
0 19
0 103
0 91
0 56
0 19
0 46
0 46
0 86
0 42
0 136
0 103
0 41
0 51
0 17
0 84
0 7
0 113
0 91
0 121
0 8
0 43
0 8
30 38
0 64
0 91
0 57
32 1
12 16
0 85
0 49
0 97
2 51
0 13
0 97
32 1
0 49
0 33
10 12
36 48
0 33
0 22
0 85
0 100
0 137
0 2
0 37
0 54
0 15
18 17
0 91
0 85
0 56
31 66
0 28
0 65
0 81
0 40
0 10
44 7
21 4
0 7
0 28
0 57
0 44
16 13
0 21
0 161
48 22
0 85
16 15
0 56
24 39
4 39
0 8
0 15
0 26
1 13
0 28
0 25
0 49
0 22
0 49
0 35
0 10
22 2
0 49
0 78
0 29
0 66
0 91
0 21
0 16
2 6
0 7
6 22
16 4
5 3
8 1
7 65
15 2
0 37
23 38
0 41
2 10
0 19
0 28
6 2
0 17
0 57
1 45
0 53
0 21
0 50
0 49
0 28
0 10
0 61
0 127
0 88
0 91
0 25
0 5
0 43
28 1
14 28
16 13
0 145
0 85
0 11
0 25
0 91
0 76
0 7
23 8
0 31
18 36
0 61
0 22
0 113
26 26
0 67
5 3
0 41
0 64
8 1
0 78
0 81
0 7
7 7
1 39
0 61
0 55
32 56
0 17
0 78
0 55
0 26
0 37
0 61
0 9
0 51
0 25
0 171
0 136
0 25
0 33
2 7
0 31
5 37
0 61
30 38
0 161
0 82
0 103
0 25
0 33
0 19
0 46
0 60
1 21
9 4
14 7
0 30
0 127
0 78
0 31
0 65
0 73
7 7
0 25
0 10
0 6
0 28
12 1
0 42
32 18
0 91
0 9
0 11
0 24
38 26
0 3
0 129
28 1
0 71
0 131
10 2
8 1
0 64
0 33
0 28
0 13
0 145
0 81
0 17
0 11
1 38
0 25
0 65
0 113
0 26
0 67
8 3
0 14
0 71
0 41
0 57
0 52
31 35
0 7
0 103
9 16
36 48
0 17
0 79
0 11
0 13
6 50
14 7
0 2
0 29
0 40
0 5
0 44
0 51
1 39
0 43
0 137
0 31
0 9
0 91
1 37
0 65
0 18
0 25
0 31
14 28
0 19
21 2
0 37
0 13
0 11
0 73
22 2
0 57
2 6
7 51
0 70
0 73
0 25
0 13
1 29
0 113
18 36
0 37
48 14
0 16
7 65
0 18
0 106
0 49
0 17
0 154
44 34
28 1
48 14
0 55
0 49
0 41
0 113
0 28
16 13
0 70
1 21
0 9
0 46
0 91
0 137
2 56
0 13
0 40
24 18
0 25
9 9
0 5
0 43
17 8
0 18
2 72
0 37
0 13
0 18
0 17
4 1
0 64
0 3
18 36
0 71
0 25
0 33
0 57
0 25
0 11
0 49
0 81
0 65
0 43
0 36
0 7
0 55
0 73
0 18
1 21
18 36
20 10
0 64
7 51
20 1
0 29
0 37
19 8
0 113
0 73
0 45
0 31
27 42
0 15
20 10
0 7
0 35
0 136
0 21
0 131
9 9
0 29
7 65
0 61
1 5
0 91
0 17
24 35
0 61
0 55
0 43
37 7
0 10
0 91
0 2
0 70
0 88
0 61
0 28
0 61
0 79
0 21
0 121
24 2
0 47
0 5
0 3
0 131
18 12
0 67
0 145
0 99
0 49
0 14
0 73
16 40
0 61
26 7
22 46
0 6
0 36
0 31
0 13
38 7
0 100
0 11
1 21
0 37
0 19
0 51
0 11
22 18
0 89
12 6
0 11
22 18
0 17
0 91
0 73
0 57
0 31
0 69
0 78
0 28
0 51
0 31
0 127
0 17
0 25
21 15
0 42
0 43
0 33
0 35
0 105
23 10
26 24
0 36
0 81
0 27
0 73
6 2
0 91
0 18
1 21
32 7
0 3
0 17
0 21
0 23
0 41
0 106
0 22
0 19
0 41
1 17
16 40
0 85
0 57
24 30
1 33
0 46
14 7
0 73
0 7
0 73
0 30
0 37
0 6
0 46
12 2
0 25
0 61
0 16
3 17
0 79
0 23
0 57
0 127
0 33
0 19
0 46
0 35
0 30
0 13
0 25
0 16
1 25
3 66
0 4
0 121
1 21
2 6
0 109
0 61
2 42
0 19
0 21
0 22
0 56
0 8
0 26
0 51
0 85
39 14
0 145
0 41
0 37
31 35
0 8
0 36
0 92
0 41
0 4
0 13
0 40
0 37
0 49
0 61
0 25
0 57
0 72
0 106
0 61
0 50
0 54
36 48
0 60
0 16
0 13
0 67
0 41
6 22
0 29
0 25
0 7
1 37
0 100
0 100
0 64
0 15
6 50
3 66
0 111
0 120
25 25
23 38
0 7
0 47
0 33
0 51
0 11
0 25
16 13
0 33
12 18
0 33
1 21
0 15
0 72
1 17
0 13
0 19
0 81
0 43
0 127
0 145
32 18
0 37
0 106
0 10
6 50
36 48
0 57
0 109
0 55
16 7
0 14
9 9
0 105
33 25
22 2
0 70
26 2
0 71
0 62
0 31
0 17
0 31
0 79
0 11
0 69
0 33
0 37
9 9
0 81
0 27
0 78
0 41
18 36
0 14
6 10
0 13
0 129
0 36
0 6
7 7
0 25
0 13
0 49
0 33
9 2
0 49
0 127
0 11
0 17
0 18
0 28
0 26
0 18
0 40
0 30
16 7
21 4
1 17
6 10
31 35
0 13
21 15
0 22
14 28
0 37
0 70
15 2
0 49
26 24
0 31
19 8
0 24
0 21
0 85
26 12
0 21
2 12
0 27
0 21
0 33
0 19
20 10
5 37
0 37
0 76
8 7
24 2
0 14
1 49
24 2
0 82
30 14
0 37
0 13
0 61
0 17
0 55
5 3
0 37
32 18
0 33
0 7
0 37
0 31
0 28
0 121
6 4
0 49
0 28
0 111
0 31
1 49
0 31
0 21
0 17
0 99
4 26
8 7
0 29
0 13
0 61
0 28
0 73
0 25
0 136
5 3
0 55
0 103
0 9
0 97
0 136
0 28
0 12
0 37
0 31
0 5
0 99
0 7
0 121
0 6
0 11
0 21
0 82
